DEBUG   2018-11-07 10:40:40,514 [http-nio-8080-exec-3] org.hibernate.SQL  - /* from entities.Option */ select option0_.id as id1_4_, option0_.description as descript2_4_, option0_.name as name3_4_, option0_.price as price4_4_, option0_.subscribeCost as subscrib5_4_ from option_ option0_
TRACE   2018-11-07 10:40:40,515 [http-nio-8080-exec-3] org.hibernate.type.descriptor.sql.BasicExtractor  - extracted value ([id1_4_] : [INTEGER]) - [1]
TRACE   2018-11-07 10:40:40,516 [http-nio-8080-exec-3] org.hibernate.type.descriptor.sql.BasicExtractor  - extracted value ([descript2_4_] : [VARCHAR]) - [Add Pluto to the Solar Sustem region]
TRACE   2018-11-07 10:40:40,516 [http-nio-8080-exec-3] org.hibernate.type.descriptor.sql.BasicExtractor  - extracted value ([name3_4_] : [VARCHAR]) - [I love Pluto]
TRACE   2018-11-07 10:40:40,516 [http-nio-8080-exec-3] org.hibernate.type.descriptor.sql.BasicExtractor  - extracted value ([price4_4_] : [NUMERIC]) - [9.00]
TRACE   2018-11-07 10:40:40,516 [http-nio-8080-exec-3] org.hibernate.type.descriptor.sql.BasicExtractor  - extracted value ([subscrib5_4_] : [NUMERIC]) - [9.00]
TRACE   2018-11-07 10:40:40,516 [http-nio-8080-exec-3] org.hibernate.type.descriptor.sql.BasicExtractor  - extracted value ([id1_4_] : [INTEGER]) - [2]
TRACE   2018-11-07 10:40:40,516 [http-nio-8080-exec-3] org.hibernate.type.descriptor.sql.BasicExtractor  - extracted value ([descript2_4_] : [VARCHAR]) - [Provide compability with long-distance services]
TRACE   2018-11-07 10:40:40,516 [http-nio-8080-exec-3] org.hibernate.type.descriptor.sql.BasicExtractor  - extracted value ([name3_4_] : [VARCHAR]) - [Deep space]
TRACE   2018-11-07 10:40:40,516 [http-nio-8080-exec-3] org.hibernate.type.descriptor.sql.BasicExtractor  - extracted value ([price4_4_] : [NUMERIC]) - [0.00]
TRACE   2018-11-07 10:40:40,516 [http-nio-8080-exec-3] org.hibernate.type.descriptor.sql.BasicExtractor  - extracted value ([subscrib5_4_] : [NUMERIC]) - [0.00]
TRACE   2018-11-07 10:40:40,517 [http-nio-8080-exec-3] org.hibernate.type.descriptor.sql.BasicExtractor  - extracted value ([id1_4_] : [INTEGER]) - [3]
TRACE   2018-11-07 10:40:40,517 [http-nio-8080-exec-3] org.hibernate.type.descriptor.sql.BasicExtractor  - extracted value ([descript2_4_] : [VARCHAR]) - [Get notification about black holes approaching]
TRACE   2018-11-07 10:40:40,517 [http-nio-8080-exec-3] org.hibernate.type.descriptor.sql.BasicExtractor  - extracted value ([name3_4_] : [VARCHAR]) - [Black Hole Alert]
TRACE   2018-11-07 10:40:40,517 [http-nio-8080-exec-3] org.hibernate.type.descriptor.sql.BasicExtractor  - extracted value ([price4_4_] : [NUMERIC]) - [15.50]
TRACE   2018-11-07 10:40:40,518 [http-nio-8080-exec-3] org.hibernate.type.descriptor.sql.BasicExtractor  - extracted value ([subscrib5_4_] : [NUMERIC]) - [300.00]
TRACE   2018-11-07 10:40:40,518 [http-nio-8080-exec-3] org.hibernate.type.descriptor.sql.BasicExtractor  - extracted value ([id1_4_] : [INTEGER]) - [4]
TRACE   2018-11-07 10:40:40,518 [http-nio-8080-exec-3] org.hibernate.type.descriptor.sql.BasicExtractor  - extracted value ([descript2_4_] : [VARCHAR]) - [Prevent recieving calls and messages from future]
TRACE   2018-11-07 10:40:40,519 [http-nio-8080-exec-3] org.hibernate.type.descriptor.sql.BasicExtractor  - extracted value ([name3_4_] : [VARCHAR]) - [Spolier ban]
TRACE   2018-11-07 10:40:40,519 [http-nio-8080-exec-3] org.hibernate.type.descriptor.sql.BasicExtractor  - extracted value ([price4_4_] : [NUMERIC]) - [0.00]
TRACE   2018-11-07 10:40:40,519 [http-nio-8080-exec-3] org.hibernate.type.descriptor.sql.BasicExtractor  - extracted value ([subscrib5_4_] : [NUMERIC]) - [28.95]
TRACE   2018-11-07 10:40:40,519 [http-nio-8080-exec-3] org.hibernate.type.descriptor.sql.BasicExtractor  - extracted value ([id1_4_] : [INTEGER]) - [5]
TRACE   2018-11-07 10:40:40,519 [http-nio-8080-exec-3] org.hibernate.type.descriptor.sql.BasicExtractor  - extracted value ([descript2_4_] : [VARCHAR]) - [Enable communication through time]
TRACE   2018-11-07 10:40:40,519 [http-nio-8080-exec-3] org.hibernate.type.descriptor.sql.BasicExtractor  - extracted value ([name3_4_] : [VARCHAR]) - [Tachyon protocol]
TRACE   2018-11-07 10:40:40,519 [http-nio-8080-exec-3] org.hibernate.type.descriptor.sql.BasicExtractor  - extracted value ([price4_4_] : [NUMERIC]) - [1200.00]
TRACE   2018-11-07 10:40:40,519 [http-nio-8080-exec-3] org.hibernate.type.descriptor.sql.BasicExtractor  - extracted value ([subscrib5_4_] : [NUMERIC]) - [0.00]
TRACE   2018-11-07 10:40:40,519 [http-nio-8080-exec-3] org.hibernate.type.descriptor.sql.BasicExtractor  - extracted value ([id1_4_] : [INTEGER]) - [6]
TRACE   2018-11-07 10:40:40,519 [http-nio-8080-exec-3] org.hibernate.type.descriptor.sql.BasicExtractor  - extracted value ([descript2_4_] : [VARCHAR]) - [Enable send and receive hologram messages]
TRACE   2018-11-07 10:40:40,519 [http-nio-8080-exec-3] org.hibernate.type.descriptor.sql.BasicExtractor  - extracted value ([name3_4_] : [VARCHAR]) - [Hologram]
TRACE   2018-11-07 10:40:40,519 [http-nio-8080-exec-3] org.hibernate.type.descriptor.sql.BasicExtractor  - extracted value ([price4_4_] : [NUMERIC]) - [3.33]
TRACE   2018-11-07 10:40:40,519 [http-nio-8080-exec-3] org.hibernate.type.descriptor.sql.BasicExtractor  - extracted value ([subscrib5_4_] : [NUMERIC]) - [0.00]
TRACE   2018-11-07 10:40:40,519 [http-nio-8080-exec-3] org.hibernate.type.descriptor.sql.BasicExtractor  - extracted value ([id1_4_] : [INTEGER]) - [16]
TRACE   2018-11-07 10:40:40,520 [http-nio-8080-exec-3] org.hibernate.type.descriptor.sql.BasicExtractor  - extracted value ([descript2_4_] : [VARCHAR]) - [Don't worry about time paradox issues while communicating with past and future!]
TRACE   2018-11-07 10:40:40,520 [http-nio-8080-exec-3] org.hibernate.type.descriptor.sql.BasicExtractor  - extracted value ([name3_4_] : [VARCHAR]) - [Time paradox protection]
TRACE   2018-11-07 10:40:40,520 [http-nio-8080-exec-3] org.hibernate.type.descriptor.sql.BasicExtractor  - extracted value ([price4_4_] : [NUMERIC]) - [42.42]
TRACE   2018-11-07 10:40:40,520 [http-nio-8080-exec-3] org.hibernate.type.descriptor.sql.BasicExtractor  - extracted value ([subscrib5_4_] : [NUMERIC]) - [24.24]
DEBUG   2018-11-07 10:40:40,522 [http-nio-8080-exec-3] org.hibernate.SQL  - /* select o.name from Option o */ select option0_.name as col_0_0_ from option_ option0_
TRACE   2018-11-07 10:40:40,523 [http-nio-8080-exec-3] org.hibernate.type.descriptor.sql.BasicExtractor  - extracted value ([col_0_0_] : [VARCHAR]) - [Black Hole Alert]
TRACE   2018-11-07 10:40:40,523 [http-nio-8080-exec-3] org.hibernate.type.descriptor.sql.BasicExtractor  - extracted value ([col_0_0_] : [VARCHAR]) - [Deep space]
TRACE   2018-11-07 10:40:40,523 [http-nio-8080-exec-3] org.hibernate.type.descriptor.sql.BasicExtractor  - extracted value ([col_0_0_] : [VARCHAR]) - [Hologram]
TRACE   2018-11-07 10:40:40,523 [http-nio-8080-exec-3] org.hibernate.type.descriptor.sql.BasicExtractor  - extracted value ([col_0_0_] : [VARCHAR]) - [I love Pluto]
TRACE   2018-11-07 10:40:40,523 [http-nio-8080-exec-3] org.hibernate.type.descriptor.sql.BasicExtractor  - extracted value ([col_0_0_] : [VARCHAR]) - [Spolier ban]
TRACE   2018-11-07 10:40:40,523 [http-nio-8080-exec-3] org.hibernate.type.descriptor.sql.BasicExtractor  - extracted value ([col_0_0_] : [VARCHAR]) - [Tachyon protocol]
TRACE   2018-11-07 10:40:40,523 [http-nio-8080-exec-3] org.hibernate.type.descriptor.sql.BasicExtractor  - extracted value ([col_0_0_] : [VARCHAR]) - [Time paradox protection]
DEBUG   2018-11-07 10:40:42,847 [http-nio-8080-exec-5] org.hibernate.SQL  - /* from entities.Option */ select option0_.id as id1_4_, option0_.description as descript2_4_, option0_.name as name3_4_, option0_.price as price4_4_, option0_.subscribeCost as subscrib5_4_ from option_ option0_
TRACE   2018-11-07 10:40:42,849 [http-nio-8080-exec-5] org.hibernate.type.descriptor.sql.BasicExtractor  - extracted value ([id1_4_] : [INTEGER]) - [1]
TRACE   2018-11-07 10:40:42,849 [http-nio-8080-exec-5] org.hibernate.type.descriptor.sql.BasicExtractor  - extracted value ([descript2_4_] : [VARCHAR]) - [Add Pluto to the Solar Sustem region]
TRACE   2018-11-07 10:40:42,849 [http-nio-8080-exec-5] org.hibernate.type.descriptor.sql.BasicExtractor  - extracted value ([name3_4_] : [VARCHAR]) - [I love Pluto]
TRACE   2018-11-07 10:40:42,850 [http-nio-8080-exec-5] org.hibernate.type.descriptor.sql.BasicExtractor  - extracted value ([price4_4_] : [NUMERIC]) - [9.00]
TRACE   2018-11-07 10:40:42,850 [http-nio-8080-exec-5] org.hibernate.type.descriptor.sql.BasicExtractor  - extracted value ([subscrib5_4_] : [NUMERIC]) - [9.00]
TRACE   2018-11-07 10:40:42,850 [http-nio-8080-exec-5] org.hibernate.type.descriptor.sql.BasicExtractor  - extracted value ([id1_4_] : [INTEGER]) - [2]
TRACE   2018-11-07 10:40:42,850 [http-nio-8080-exec-5] org.hibernate.type.descriptor.sql.BasicExtractor  - extracted value ([descript2_4_] : [VARCHAR]) - [Provide compability with long-distance services]
TRACE   2018-11-07 10:40:42,850 [http-nio-8080-exec-5] org.hibernate.type.descriptor.sql.BasicExtractor  - extracted value ([name3_4_] : [VARCHAR]) - [Deep space]
TRACE   2018-11-07 10:40:42,850 [http-nio-8080-exec-5] org.hibernate.type.descriptor.sql.BasicExtractor  - extracted value ([price4_4_] : [NUMERIC]) - [0.00]
TRACE   2018-11-07 10:40:42,850 [http-nio-8080-exec-5] org.hibernate.type.descriptor.sql.BasicExtractor  - extracted value ([subscrib5_4_] : [NUMERIC]) - [0.00]
TRACE   2018-11-07 10:40:42,850 [http-nio-8080-exec-5] org.hibernate.type.descriptor.sql.BasicExtractor  - extracted value ([id1_4_] : [INTEGER]) - [3]
TRACE   2018-11-07 10:40:42,851 [http-nio-8080-exec-5] org.hibernate.type.descriptor.sql.BasicExtractor  - extracted value ([descript2_4_] : [VARCHAR]) - [Get notification about black holes approaching]
TRACE   2018-11-07 10:40:42,851 [http-nio-8080-exec-5] org.hibernate.type.descriptor.sql.BasicExtractor  - extracted value ([name3_4_] : [VARCHAR]) - [Black Hole Alert]
TRACE   2018-11-07 10:40:42,851 [http-nio-8080-exec-5] org.hibernate.type.descriptor.sql.BasicExtractor  - extracted value ([price4_4_] : [NUMERIC]) - [15.50]
TRACE   2018-11-07 10:40:42,851 [http-nio-8080-exec-5] org.hibernate.type.descriptor.sql.BasicExtractor  - extracted value ([subscrib5_4_] : [NUMERIC]) - [300.00]
TRACE   2018-11-07 10:40:42,851 [http-nio-8080-exec-5] org.hibernate.type.descriptor.sql.BasicExtractor  - extracted value ([id1_4_] : [INTEGER]) - [4]
TRACE   2018-11-07 10:40:42,851 [http-nio-8080-exec-5] org.hibernate.type.descriptor.sql.BasicExtractor  - extracted value ([descript2_4_] : [VARCHAR]) - [Prevent recieving calls and messages from future]
TRACE   2018-11-07 10:40:42,851 [http-nio-8080-exec-5] org.hibernate.type.descriptor.sql.BasicExtractor  - extracted value ([name3_4_] : [VARCHAR]) - [Spolier ban]
TRACE   2018-11-07 10:40:42,851 [http-nio-8080-exec-5] org.hibernate.type.descriptor.sql.BasicExtractor  - extracted value ([price4_4_] : [NUMERIC]) - [0.00]
TRACE   2018-11-07 10:40:42,851 [http-nio-8080-exec-5] org.hibernate.type.descriptor.sql.BasicExtractor  - extracted value ([subscrib5_4_] : [NUMERIC]) - [28.95]
TRACE   2018-11-07 10:40:42,851 [http-nio-8080-exec-5] org.hibernate.type.descriptor.sql.BasicExtractor  - extracted value ([id1_4_] : [INTEGER]) - [5]
TRACE   2018-11-07 10:40:42,851 [http-nio-8080-exec-5] org.hibernate.type.descriptor.sql.BasicExtractor  - extracted value ([descript2_4_] : [VARCHAR]) - [Enable communication through time]
TRACE   2018-11-07 10:40:42,851 [http-nio-8080-exec-5] org.hibernate.type.descriptor.sql.BasicExtractor  - extracted value ([name3_4_] : [VARCHAR]) - [Tachyon protocol]
TRACE   2018-11-07 10:40:42,852 [http-nio-8080-exec-5] org.hibernate.type.descriptor.sql.BasicExtractor  - extracted value ([price4_4_] : [NUMERIC]) - [1200.00]
TRACE   2018-11-07 10:40:42,852 [http-nio-8080-exec-5] org.hibernate.type.descriptor.sql.BasicExtractor  - extracted value ([subscrib5_4_] : [NUMERIC]) - [0.00]
TRACE   2018-11-07 10:40:42,852 [http-nio-8080-exec-5] org.hibernate.type.descriptor.sql.BasicExtractor  - extracted value ([id1_4_] : [INTEGER]) - [6]
TRACE   2018-11-07 10:40:42,853 [http-nio-8080-exec-5] org.hibernate.type.descriptor.sql.BasicExtractor  - extracted value ([descript2_4_] : [VARCHAR]) - [Enable send and receive hologram messages]
TRACE   2018-11-07 10:40:42,853 [http-nio-8080-exec-5] org.hibernate.type.descriptor.sql.BasicExtractor  - extracted value ([name3_4_] : [VARCHAR]) - [Hologram]
TRACE   2018-11-07 10:40:42,853 [http-nio-8080-exec-5] org.hibernate.type.descriptor.sql.BasicExtractor  - extracted value ([price4_4_] : [NUMERIC]) - [3.33]
TRACE   2018-11-07 10:40:42,853 [http-nio-8080-exec-5] org.hibernate.type.descriptor.sql.BasicExtractor  - extracted value ([subscrib5_4_] : [NUMERIC]) - [0.00]
TRACE   2018-11-07 10:40:42,853 [http-nio-8080-exec-5] org.hibernate.type.descriptor.sql.BasicExtractor  - extracted value ([id1_4_] : [INTEGER]) - [16]
TRACE   2018-11-07 10:40:42,853 [http-nio-8080-exec-5] org.hibernate.type.descriptor.sql.BasicExtractor  - extracted value ([descript2_4_] : [VARCHAR]) - [Don't worry about time paradox issues while communicating with past and future!]
TRACE   2018-11-07 10:40:42,853 [http-nio-8080-exec-5] org.hibernate.type.descriptor.sql.BasicExtractor  - extracted value ([name3_4_] : [VARCHAR]) - [Time paradox protection]
TRACE   2018-11-07 10:40:42,853 [http-nio-8080-exec-5] org.hibernate.type.descriptor.sql.BasicExtractor  - extracted value ([price4_4_] : [NUMERIC]) - [42.42]
TRACE   2018-11-07 10:40:42,853 [http-nio-8080-exec-5] org.hibernate.type.descriptor.sql.BasicExtractor  - extracted value ([subscrib5_4_] : [NUMERIC]) - [24.24]
DEBUG   2018-11-07 10:40:42,857 [http-nio-8080-exec-5] org.hibernate.SQL  - /* find_by_name */ select option0_.id as id1_4_, option0_.description as descript2_4_, option0_.name as name3_4_, option0_.price as price4_4_, option0_.subscribeCost as subscrib5_4_ from option_ option0_ where option0_.name=?
TRACE   2018-11-07 10:40:42,858 [http-nio-8080-exec-5] org.hibernate.type.descriptor.sql.BasicBinder  - binding parameter [1] as [VARCHAR] - [base]
DEBUG   2018-11-07 10:40:42,859 [http-nio-8080-exec-5] org.hibernate.SQL  - /* insert entities.Option */ insert into option_ (description, name, price, subscribeCost) values (?, ?, ?, ?)
TRACE   2018-11-07 10:40:42,859 [http-nio-8080-exec-5] org.hibernate.type.descriptor.sql.BasicBinder  - binding parameter [1] as [VARCHAR] - []
TRACE   2018-11-07 10:40:42,859 [http-nio-8080-exec-5] org.hibernate.type.descriptor.sql.BasicBinder  - binding parameter [2] as [VARCHAR] - [base]
TRACE   2018-11-07 10:40:42,859 [http-nio-8080-exec-5] org.hibernate.type.descriptor.sql.BasicBinder  - binding parameter [3] as [NUMERIC] - [null]
TRACE   2018-11-07 10:40:42,859 [http-nio-8080-exec-5] org.hibernate.type.descriptor.sql.BasicBinder  - binding parameter [4] as [NUMERIC] - [null]
DEBUG   2018-11-07 10:40:42,884 [http-nio-8080-exec-8] org.hibernate.SQL  - /* from entities.Option */ select option0_.id as id1_4_, option0_.description as descript2_4_, option0_.name as name3_4_, option0_.price as price4_4_, option0_.subscribeCost as subscrib5_4_ from option_ option0_
TRACE   2018-11-07 10:40:42,885 [http-nio-8080-exec-8] org.hibernate.type.descriptor.sql.BasicExtractor  - extracted value ([id1_4_] : [INTEGER]) - [1]
TRACE   2018-11-07 10:40:42,886 [http-nio-8080-exec-8] org.hibernate.type.descriptor.sql.BasicExtractor  - extracted value ([descript2_4_] : [VARCHAR]) - [Add Pluto to the Solar Sustem region]
TRACE   2018-11-07 10:40:42,886 [http-nio-8080-exec-8] org.hibernate.type.descriptor.sql.BasicExtractor  - extracted value ([name3_4_] : [VARCHAR]) - [I love Pluto]
TRACE   2018-11-07 10:40:42,886 [http-nio-8080-exec-8] org.hibernate.type.descriptor.sql.BasicExtractor  - extracted value ([price4_4_] : [NUMERIC]) - [9.00]
TRACE   2018-11-07 10:40:42,886 [http-nio-8080-exec-8] org.hibernate.type.descriptor.sql.BasicExtractor  - extracted value ([subscrib5_4_] : [NUMERIC]) - [9.00]
TRACE   2018-11-07 10:40:42,886 [http-nio-8080-exec-8] org.hibernate.type.descriptor.sql.BasicExtractor  - extracted value ([id1_4_] : [INTEGER]) - [2]
TRACE   2018-11-07 10:40:42,886 [http-nio-8080-exec-8] org.hibernate.type.descriptor.sql.BasicExtractor  - extracted value ([descript2_4_] : [VARCHAR]) - [Provide compability with long-distance services]
TRACE   2018-11-07 10:40:42,886 [http-nio-8080-exec-8] org.hibernate.type.descriptor.sql.BasicExtractor  - extracted value ([name3_4_] : [VARCHAR]) - [Deep space]
TRACE   2018-11-07 10:40:42,886 [http-nio-8080-exec-8] org.hibernate.type.descriptor.sql.BasicExtractor  - extracted value ([price4_4_] : [NUMERIC]) - [0.00]
TRACE   2018-11-07 10:40:42,886 [http-nio-8080-exec-8] org.hibernate.type.descriptor.sql.BasicExtractor  - extracted value ([subscrib5_4_] : [NUMERIC]) - [0.00]
TRACE   2018-11-07 10:40:42,886 [http-nio-8080-exec-8] org.hibernate.type.descriptor.sql.BasicExtractor  - extracted value ([id1_4_] : [INTEGER]) - [3]
TRACE   2018-11-07 10:40:42,886 [http-nio-8080-exec-8] org.hibernate.type.descriptor.sql.BasicExtractor  - extracted value ([descript2_4_] : [VARCHAR]) - [Get notification about black holes approaching]
TRACE   2018-11-07 10:40:42,886 [http-nio-8080-exec-8] org.hibernate.type.descriptor.sql.BasicExtractor  - extracted value ([name3_4_] : [VARCHAR]) - [Black Hole Alert]
TRACE   2018-11-07 10:40:42,886 [http-nio-8080-exec-8] org.hibernate.type.descriptor.sql.BasicExtractor  - extracted value ([price4_4_] : [NUMERIC]) - [15.50]
TRACE   2018-11-07 10:40:42,886 [http-nio-8080-exec-8] org.hibernate.type.descriptor.sql.BasicExtractor  - extracted value ([subscrib5_4_] : [NUMERIC]) - [300.00]
TRACE   2018-11-07 10:40:42,887 [http-nio-8080-exec-8] org.hibernate.type.descriptor.sql.BasicExtractor  - extracted value ([id1_4_] : [INTEGER]) - [4]
TRACE   2018-11-07 10:40:42,887 [http-nio-8080-exec-8] org.hibernate.type.descriptor.sql.BasicExtractor  - extracted value ([descript2_4_] : [VARCHAR]) - [Prevent recieving calls and messages from future]
TRACE   2018-11-07 10:40:42,887 [http-nio-8080-exec-8] org.hibernate.type.descriptor.sql.BasicExtractor  - extracted value ([name3_4_] : [VARCHAR]) - [Spolier ban]
TRACE   2018-11-07 10:40:42,887 [http-nio-8080-exec-8] org.hibernate.type.descriptor.sql.BasicExtractor  - extracted value ([price4_4_] : [NUMERIC]) - [0.00]
TRACE   2018-11-07 10:40:42,887 [http-nio-8080-exec-8] org.hibernate.type.descriptor.sql.BasicExtractor  - extracted value ([subscrib5_4_] : [NUMERIC]) - [28.95]
TRACE   2018-11-07 10:40:42,887 [http-nio-8080-exec-8] org.hibernate.type.descriptor.sql.BasicExtractor  - extracted value ([id1_4_] : [INTEGER]) - [5]
TRACE   2018-11-07 10:40:42,887 [http-nio-8080-exec-8] org.hibernate.type.descriptor.sql.BasicExtractor  - extracted value ([descript2_4_] : [VARCHAR]) - [Enable communication through time]
TRACE   2018-11-07 10:40:42,887 [http-nio-8080-exec-8] org.hibernate.type.descriptor.sql.BasicExtractor  - extracted value ([name3_4_] : [VARCHAR]) - [Tachyon protocol]
TRACE   2018-11-07 10:40:42,889 [http-nio-8080-exec-8] org.hibernate.type.descriptor.sql.BasicExtractor  - extracted value ([price4_4_] : [NUMERIC]) - [1200.00]
TRACE   2018-11-07 10:40:42,889 [http-nio-8080-exec-8] org.hibernate.type.descriptor.sql.BasicExtractor  - extracted value ([subscrib5_4_] : [NUMERIC]) - [0.00]
TRACE   2018-11-07 10:40:42,889 [http-nio-8080-exec-8] org.hibernate.type.descriptor.sql.BasicExtractor  - extracted value ([id1_4_] : [INTEGER]) - [6]
TRACE   2018-11-07 10:40:42,889 [http-nio-8080-exec-8] org.hibernate.type.descriptor.sql.BasicExtractor  - extracted value ([descript2_4_] : [VARCHAR]) - [Enable send and receive hologram messages]
TRACE   2018-11-07 10:40:42,889 [http-nio-8080-exec-8] org.hibernate.type.descriptor.sql.BasicExtractor  - extracted value ([name3_4_] : [VARCHAR]) - [Hologram]
TRACE   2018-11-07 10:40:42,889 [http-nio-8080-exec-8] org.hibernate.type.descriptor.sql.BasicExtractor  - extracted value ([price4_4_] : [NUMERIC]) - [3.33]
TRACE   2018-11-07 10:40:42,889 [http-nio-8080-exec-8] org.hibernate.type.descriptor.sql.BasicExtractor  - extracted value ([subscrib5_4_] : [NUMERIC]) - [0.00]
TRACE   2018-11-07 10:40:42,890 [http-nio-8080-exec-8] org.hibernate.type.descriptor.sql.BasicExtractor  - extracted value ([id1_4_] : [INTEGER]) - [16]
TRACE   2018-11-07 10:40:42,890 [http-nio-8080-exec-8] org.hibernate.type.descriptor.sql.BasicExtractor  - extracted value ([descript2_4_] : [VARCHAR]) - [Don't worry about time paradox issues while communicating with past and future!]
TRACE   2018-11-07 10:40:42,890 [http-nio-8080-exec-8] org.hibernate.type.descriptor.sql.BasicExtractor  - extracted value ([name3_4_] : [VARCHAR]) - [Time paradox protection]
TRACE   2018-11-07 10:40:42,890 [http-nio-8080-exec-8] org.hibernate.type.descriptor.sql.BasicExtractor  - extracted value ([price4_4_] : [NUMERIC]) - [42.42]
TRACE   2018-11-07 10:40:42,890 [http-nio-8080-exec-8] org.hibernate.type.descriptor.sql.BasicExtractor  - extracted value ([subscrib5_4_] : [NUMERIC]) - [24.24]
TRACE   2018-11-07 10:40:42,891 [http-nio-8080-exec-8] org.hibernate.type.descriptor.sql.BasicExtractor  - extracted value ([id1_4_] : [INTEGER]) - [17]
TRACE   2018-11-07 10:40:42,891 [http-nio-8080-exec-8] org.hibernate.type.descriptor.sql.BasicExtractor  - extracted value ([descript2_4_] : [VARCHAR]) - []
TRACE   2018-11-07 10:40:42,892 [http-nio-8080-exec-8] org.hibernate.type.descriptor.sql.BasicExtractor  - extracted value ([name3_4_] : [VARCHAR]) - [base]
TRACE   2018-11-07 10:40:42,892 [http-nio-8080-exec-8] org.hibernate.type.descriptor.sql.BasicExtractor  - extracted value ([price4_4_] : [NUMERIC]) - [null]
TRACE   2018-11-07 10:40:42,892 [http-nio-8080-exec-8] org.hibernate.type.descriptor.sql.BasicExtractor  - extracted value ([subscrib5_4_] : [NUMERIC]) - [null]
DEBUG   2018-11-07 10:40:42,900 [http-nio-8080-exec-8] org.hibernate.SQL  - select option0_.id as id1_4_0_, option0_.description as descript2_4_0_, option0_.name as name3_4_0_, option0_.price as price4_4_0_, option0_.subscribeCost as subscrib5_4_0_ from option_ option0_ where option0_.id=?
TRACE   2018-11-07 10:40:42,900 [http-nio-8080-exec-8] org.hibernate.type.descriptor.sql.BasicBinder  - binding parameter [1] as [INTEGER] - [17]
TRACE   2018-11-07 10:40:42,903 [http-nio-8080-exec-8] org.hibernate.type.descriptor.sql.BasicExtractor  - extracted value ([descript2_4_0_] : [VARCHAR]) - []
TRACE   2018-11-07 10:40:42,903 [http-nio-8080-exec-8] org.hibernate.type.descriptor.sql.BasicExtractor  - extracted value ([name3_4_0_] : [VARCHAR]) - [base]
TRACE   2018-11-07 10:40:42,903 [http-nio-8080-exec-8] org.hibernate.type.descriptor.sql.BasicExtractor  - extracted value ([price4_4_0_] : [NUMERIC]) - [null]
TRACE   2018-11-07 10:40:42,903 [http-nio-8080-exec-8] org.hibernate.type.descriptor.sql.BasicExtractor  - extracted value ([subscrib5_4_0_] : [NUMERIC]) - [null]
DEBUG   2018-11-07 10:40:42,907 [http-nio-8080-exec-8] org.hibernate.SQL  - /* get_all_incompatible_names */ select option1_.name as col_0_0_ from optionRelation optionrela0_ cross join option_ option1_ cross join option_ option2_ where optionrela0_.another_id=option1_.id and optionrela0_.one_id=option2_.id and optionrela0_.relation='INCOMPATIBLE' and (option2_.name in (?))
TRACE   2018-11-07 10:40:42,907 [http-nio-8080-exec-8] org.hibernate.type.descriptor.sql.BasicBinder  - binding parameter [1] as [VARCHAR] - [base]
DEBUG   2018-11-07 10:40:42,909 [http-nio-8080-exec-8] org.hibernate.SQL  - /* get_all_mandatory_names */ select option1_.name as col_0_0_ from optionRelation optionrela0_ cross join option_ option1_ cross join option_ option2_ where optionrela0_.another_id=option1_.id and optionrela0_.one_id=option2_.id and optionrela0_.relation='MANDATORY' and (option2_.name in (?))
TRACE   2018-11-07 10:40:42,910 [http-nio-8080-exec-8] org.hibernate.type.descriptor.sql.BasicBinder  - binding parameter [1] as [VARCHAR] - [base]
INFO    2018-11-07 10:49:14,826 [RMI TCP Connection(3)-127.0.0.1] config.WebMvcConfig  - register messageSource bean
INFO    2018-11-07 10:49:15,403 [RMI TCP Connection(3)-127.0.0.1] org.hibernate.Version  - HHH000412: Hibernate Core {5.2.17.Final}
INFO    2018-11-07 10:49:15,405 [RMI TCP Connection(3)-127.0.0.1] org.hibernate.cfg.Environment  - HHH000206: hibernate.properties not found
INFO    2018-11-07 10:49:15,478 [RMI TCP Connection(3)-127.0.0.1] org.hibernate.annotations.common.Version  - HCANN000001: Hibernate Commons Annotations {5.0.1.Final}
INFO    2018-11-07 10:49:15,688 [RMI TCP Connection(3)-127.0.0.1] org.hibernate.dialect.Dialect  - HHH000400: Using dialect: org.hibernate.dialect.MySQL5InnoDBDialect
INFO    2018-11-07 10:49:16,337 [RMI TCP Connection(3)-127.0.0.1] org.hibernate.validator.internal.util.Version  - HV000001: Hibernate Validator 6.0.13.Final
DEBUG   2018-11-07 10:49:17,099 [RMI TCP Connection(3)-127.0.0.1] org.hibernate.SQL  - create table Client (id integer not null auto_increment, address varchar(255), birthday date, email varchar(255), name varchar(255), passportId varchar(255), surname varchar(255), primary key (id)) engine=InnoDB
DEBUG   2018-11-07 10:49:17,111 [RMI TCP Connection(3)-127.0.0.1] org.hibernate.SQL  - create table Contract (id integer not null auto_increment, isBlocked bit not null, isBlockedByAdmin bit not null, number bigint, owner_id integer, tariff_id integer, user_id integer, primary key (id)) engine=InnoDB
DEBUG   2018-11-07 10:49:17,120 [RMI TCP Connection(3)-127.0.0.1] org.hibernate.SQL  - create table contract_option (contract_id integer not null, option_id integer not null, primary key (contract_id, option_id)) engine=InnoDB
DEBUG   2018-11-07 10:49:17,130 [RMI TCP Connection(3)-127.0.0.1] org.hibernate.SQL  - create table NumberGenerator (id integer not null, nextNumber bigint, primary key (id)) engine=InnoDB
DEBUG   2018-11-07 10:49:17,139 [RMI TCP Connection(3)-127.0.0.1] org.hibernate.SQL  - create table option_ (id integer not null auto_increment, description varchar(255), name varchar(255), price decimal(19,2), subscribeCost decimal(19,2), primary key (id)) engine=InnoDB
DEBUG   2018-11-07 10:49:17,150 [RMI TCP Connection(3)-127.0.0.1] org.hibernate.SQL  - create table optionRelation (id integer not null auto_increment, relation varchar(255), another_id integer, one_id integer, primary key (id)) engine=InnoDB
DEBUG   2018-11-07 10:49:17,159 [RMI TCP Connection(3)-127.0.0.1] org.hibernate.SQL  - create table Tariff (id integer not null auto_increment, description varchar(255), name varchar(255) not null, price decimal(19,2), primary key (id)) engine=InnoDB
DEBUG   2018-11-07 10:49:17,169 [RMI TCP Connection(3)-127.0.0.1] org.hibernate.SQL  - create table tariff_option (tariff_id integer not null, option_id integer not null, primary key (tariff_id, option_id)) engine=InnoDB
DEBUG   2018-11-07 10:49:17,179 [RMI TCP Connection(3)-127.0.0.1] org.hibernate.SQL  - create table user (id integer not null auto_increment, login varchar(255) not null, password varchar(255) not null, primary key (id)) engine=InnoDB
DEBUG   2018-11-07 10:49:17,189 [RMI TCP Connection(3)-127.0.0.1] org.hibernate.SQL  - create table user_roles (user_id integer not null, roles varchar(255)) engine=InnoDB
DEBUG   2018-11-07 10:49:17,201 [RMI TCP Connection(3)-127.0.0.1] org.hibernate.SQL  - alter table Client drop index UK_r7jtxva660fvy31fl5x7n64sw
DEBUG   2018-11-07 10:49:17,203 [RMI TCP Connection(3)-127.0.0.1] org.hibernate.SQL  - alter table Client add constraint UK_r7jtxva660fvy31fl5x7n64sw unique (passportId)
DEBUG   2018-11-07 10:49:17,225 [RMI TCP Connection(3)-127.0.0.1] org.hibernate.SQL  - alter table option_ drop index UK_6eagrhb6we1b859rxvlrd5ouu
DEBUG   2018-11-07 10:49:17,226 [RMI TCP Connection(3)-127.0.0.1] org.hibernate.SQL  - alter table option_ add constraint UK_6eagrhb6we1b859rxvlrd5ouu unique (name)
DEBUG   2018-11-07 10:49:17,249 [RMI TCP Connection(3)-127.0.0.1] org.hibernate.SQL  - alter table Tariff drop index UK_f35dwuejd10c6p0tlms3f5omq
DEBUG   2018-11-07 10:49:17,249 [RMI TCP Connection(3)-127.0.0.1] org.hibernate.SQL  - alter table Tariff add constraint UK_f35dwuejd10c6p0tlms3f5omq unique (name)
DEBUG   2018-11-07 10:49:17,273 [RMI TCP Connection(3)-127.0.0.1] org.hibernate.SQL  - alter table Contract add constraint FKklqnhq4b1r3addu51h8rw1v75 foreign key (owner_id) references Client (id)
DEBUG   2018-11-07 10:49:17,298 [RMI TCP Connection(3)-127.0.0.1] org.hibernate.SQL  - alter table Contract add constraint FKt1xg1b6lmjo8d0pkbg6j8rpak foreign key (tariff_id) references Tariff (id)
DEBUG   2018-11-07 10:49:17,327 [RMI TCP Connection(3)-127.0.0.1] org.hibernate.SQL  - alter table Contract add constraint FK4rpo006jyrxewt2b5ddlqn7xo foreign key (user_id) references user (id)
DEBUG   2018-11-07 10:49:17,355 [RMI TCP Connection(3)-127.0.0.1] org.hibernate.SQL  - alter table contract_option add constraint FKq4ocxp9rtibdqynvj7w46ppa6 foreign key (option_id) references option_ (id)
DEBUG   2018-11-07 10:49:17,381 [RMI TCP Connection(3)-127.0.0.1] org.hibernate.SQL  - alter table contract_option add constraint FK2ec1vjstgerrj20h3odajs945 foreign key (contract_id) references Contract (id)
DEBUG   2018-11-07 10:49:17,408 [RMI TCP Connection(3)-127.0.0.1] org.hibernate.SQL  - alter table optionRelation add constraint FKnq14p7rbo1xdb9h6fkrrpc6po foreign key (another_id) references option_ (id)
DEBUG   2018-11-07 10:49:17,435 [RMI TCP Connection(3)-127.0.0.1] org.hibernate.SQL  - alter table optionRelation add constraint FK2n15vo4t3qultowqrd9m0ypuo foreign key (one_id) references option_ (id)
DEBUG   2018-11-07 10:49:17,461 [RMI TCP Connection(3)-127.0.0.1] org.hibernate.SQL  - alter table tariff_option add constraint FKjvk2ruhhkffufdlkh7jtq847v foreign key (option_id) references option_ (id)
DEBUG   2018-11-07 10:49:17,487 [RMI TCP Connection(3)-127.0.0.1] org.hibernate.SQL  - alter table tariff_option add constraint FKbbkxqijd4oodhbctgdt3hjx7x foreign key (tariff_id) references Tariff (id)
DEBUG   2018-11-07 10:49:17,514 [RMI TCP Connection(3)-127.0.0.1] org.hibernate.SQL  - alter table user_roles add constraint FK55itppkw3i07do3h7qoclqd4k foreign key (user_id) references user (id)
INFO    2018-11-07 10:49:17,556 [RMI TCP Connection(3)-127.0.0.1] org.hibernate.hql.internal.QueryTranslatorFactoryInitiator  - HHH000397: Using ASTQueryTranslatorFactory
INFO    2018-11-07 10:49:17,864 [RMI TCP Connection(3)-127.0.0.1] config.WebMvcConfig  - register UserDetailsService bean
INFO    2018-11-07 10:49:18,418 [RMI TCP Connection(3)-127.0.0.1] config.WebMvcConfig  - register resourceHandler
INFO    2018-11-07 10:49:18,495 [RMI TCP Connection(3)-127.0.0.1] config.WebMvcConfig  - register validator factory
INFO    2018-11-07 10:49:18,669 [RMI TCP Connection(3)-127.0.0.1] config.WebMvcConfig  - Set view resolver
INFO    2018-11-07 10:49:18,795 [RMI TCP Connection(3)-127.0.0.1] config.WebMvcConfig  - register UserDetailsService bean
INFO    2018-11-07 10:49:18,908 [RMI TCP Connection(3)-127.0.0.1] config.WebMvcConfig  - configure Http security rules
DEBUG   2018-11-07 10:49:19,948 [http-nio-8080-exec-2] org.hibernate.SQL  - /* from entities.Tariff */ select tariff0_.id as id1_6_, tariff0_.description as descript2_6_, tariff0_.name as name3_6_, tariff0_.price as price4_6_ from Tariff tariff0_
DEBUG   2018-11-07 10:49:19,972 [http-nio-8080-exec-2] org.hibernate.SQL  - /* from entities.Option */ select option0_.id as id1_4_, option0_.description as descript2_4_, option0_.name as name3_4_, option0_.price as price4_4_, option0_.subscribeCost as subscrib5_4_ from option_ option0_
DEBUG   2018-11-07 10:49:21,135 [http-nio-8080-exec-5] org.hibernate.SQL  - /* from entities.Tariff */ select tariff0_.id as id1_6_, tariff0_.description as descript2_6_, tariff0_.name as name3_6_, tariff0_.price as price4_6_ from Tariff tariff0_
DEBUG   2018-11-07 10:49:21,146 [http-nio-8080-exec-5] org.hibernate.SQL  - /* from entities.Option */ select option0_.id as id1_4_, option0_.description as descript2_4_, option0_.name as name3_4_, option0_.price as price4_4_, option0_.subscribeCost as subscrib5_4_ from option_ option0_
DEBUG   2018-11-07 10:50:10,734 [http-nio-8080-exec-5] org.hibernate.SQL  - /* find_user_by_login */ select myuser0_.id as id1_8_, myuser0_.login as login2_8_, myuser0_.password as password3_8_ from user myuser0_ where myuser0_.login=?
TRACE   2018-11-07 10:50:10,738 [http-nio-8080-exec-5] org.hibernate.type.descriptor.sql.BasicBinder  - binding parameter [1] as [VARCHAR] - [stas]
TRACE   2018-11-07 10:50:10,740 [http-nio-8080-exec-5] org.hibernate.type.descriptor.sql.BasicExtractor  - extracted value ([id1_8_] : [INTEGER]) - [1]
TRACE   2018-11-07 10:50:10,749 [http-nio-8080-exec-5] org.hibernate.type.descriptor.sql.BasicExtractor  - extracted value ([login2_8_] : [VARCHAR]) - [stas]
TRACE   2018-11-07 10:50:10,750 [http-nio-8080-exec-5] org.hibernate.type.descriptor.sql.BasicExtractor  - extracted value ([password3_8_] : [VARCHAR]) - [$2a$10$Yzz.g09WkIeQk1u8pdkehuO9nx1XxVxQj9Rds5j8ifTFrnNfZfGNe]
DEBUG   2018-11-07 10:50:10,765 [http-nio-8080-exec-5] org.hibernate.SQL  - /* load entities.Contract */ select contract0_.id as id1_1_3_, contract0_.isBlocked as isBlocke2_1_3_, contract0_.isBlockedByAdmin as isBlocke3_1_3_, contract0_.number as number4_1_3_, contract0_.owner_id as owner_id5_1_3_, contract0_.tariff_id as tariff_i6_1_3_, contract0_.user_id as user_id7_1_3_, client1_.id as id1_0_0_, client1_.address as address2_0_0_, client1_.birthday as birthday3_0_0_, client1_.email as email4_0_0_, client1_.name as name5_0_0_, client1_.passportId as passport6_0_0_, client1_.surname as surname7_0_0_, tariff2_.id as id1_6_1_, tariff2_.description as descript2_6_1_, tariff2_.name as name3_6_1_, tariff2_.price as price4_6_1_, myuser3_.id as id1_8_2_, myuser3_.login as login2_8_2_, myuser3_.password as password3_8_2_ from Contract contract0_ left outer join Client client1_ on contract0_.owner_id=client1_.id left outer join Tariff tariff2_ on contract0_.tariff_id=tariff2_.id left outer join user myuser3_ on contract0_.user_id=myuser3_.id where contract0_.user_id=?
TRACE   2018-11-07 10:50:10,766 [http-nio-8080-exec-5] org.hibernate.type.descriptor.sql.BasicBinder  - binding parameter [1] as [INTEGER] - [1]
DEBUG   2018-11-07 10:50:10,773 [http-nio-8080-exec-5] org.hibernate.SQL  - select roles0_.user_id as user_id1_9_0_, roles0_.roles as roles2_9_0_ from user_roles roles0_ where roles0_.user_id=?
TRACE   2018-11-07 10:50:10,773 [http-nio-8080-exec-5] org.hibernate.type.descriptor.sql.BasicBinder  - binding parameter [1] as [INTEGER] - [1]
TRACE   2018-11-07 10:50:10,780 [http-nio-8080-exec-5] org.hibernate.type.descriptor.sql.BasicExtractor  - extracted value ([user_id1_9_0_] : [INTEGER]) - [1]
DEBUG   2018-11-07 10:50:13,845 [http-nio-8080-exec-8] org.hibernate.SQL  - /* from entities.Option */ select option0_.id as id1_4_, option0_.description as descript2_4_, option0_.name as name3_4_, option0_.price as price4_4_, option0_.subscribeCost as subscrib5_4_ from option_ option0_
TRACE   2018-11-07 10:50:13,846 [http-nio-8080-exec-8] org.hibernate.type.descriptor.sql.BasicExtractor  - extracted value ([id1_4_] : [INTEGER]) - [1]
TRACE   2018-11-07 10:50:13,847 [http-nio-8080-exec-8] org.hibernate.type.descriptor.sql.BasicExtractor  - extracted value ([descript2_4_] : [VARCHAR]) - [Add Pluto to the Solar Sustem region]
TRACE   2018-11-07 10:50:13,847 [http-nio-8080-exec-8] org.hibernate.type.descriptor.sql.BasicExtractor  - extracted value ([name3_4_] : [VARCHAR]) - [I love Pluto]
TRACE   2018-11-07 10:50:13,850 [http-nio-8080-exec-8] org.hibernate.type.descriptor.sql.BasicExtractor  - extracted value ([price4_4_] : [NUMERIC]) - [9.00]
TRACE   2018-11-07 10:50:13,850 [http-nio-8080-exec-8] org.hibernate.type.descriptor.sql.BasicExtractor  - extracted value ([subscrib5_4_] : [NUMERIC]) - [9.00]
TRACE   2018-11-07 10:50:13,850 [http-nio-8080-exec-8] org.hibernate.type.descriptor.sql.BasicExtractor  - extracted value ([id1_4_] : [INTEGER]) - [2]
TRACE   2018-11-07 10:50:13,851 [http-nio-8080-exec-8] org.hibernate.type.descriptor.sql.BasicExtractor  - extracted value ([descript2_4_] : [VARCHAR]) - [Provide compability with long-distance services]
TRACE   2018-11-07 10:50:13,851 [http-nio-8080-exec-8] org.hibernate.type.descriptor.sql.BasicExtractor  - extracted value ([name3_4_] : [VARCHAR]) - [Deep space]
TRACE   2018-11-07 10:50:13,851 [http-nio-8080-exec-8] org.hibernate.type.descriptor.sql.BasicExtractor  - extracted value ([price4_4_] : [NUMERIC]) - [0.00]
TRACE   2018-11-07 10:50:13,851 [http-nio-8080-exec-8] org.hibernate.type.descriptor.sql.BasicExtractor  - extracted value ([subscrib5_4_] : [NUMERIC]) - [0.00]
TRACE   2018-11-07 10:50:13,851 [http-nio-8080-exec-8] org.hibernate.type.descriptor.sql.BasicExtractor  - extracted value ([id1_4_] : [INTEGER]) - [3]
TRACE   2018-11-07 10:50:13,852 [http-nio-8080-exec-8] org.hibernate.type.descriptor.sql.BasicExtractor  - extracted value ([descript2_4_] : [VARCHAR]) - [Get notification about black holes approaching]
TRACE   2018-11-07 10:50:13,852 [http-nio-8080-exec-8] org.hibernate.type.descriptor.sql.BasicExtractor  - extracted value ([name3_4_] : [VARCHAR]) - [Black Hole Alert]
TRACE   2018-11-07 10:50:13,852 [http-nio-8080-exec-8] org.hibernate.type.descriptor.sql.BasicExtractor  - extracted value ([price4_4_] : [NUMERIC]) - [15.50]
TRACE   2018-11-07 10:50:13,852 [http-nio-8080-exec-8] org.hibernate.type.descriptor.sql.BasicExtractor  - extracted value ([subscrib5_4_] : [NUMERIC]) - [300.00]
TRACE   2018-11-07 10:50:13,852 [http-nio-8080-exec-8] org.hibernate.type.descriptor.sql.BasicExtractor  - extracted value ([id1_4_] : [INTEGER]) - [4]
TRACE   2018-11-07 10:50:13,853 [http-nio-8080-exec-8] org.hibernate.type.descriptor.sql.BasicExtractor  - extracted value ([descript2_4_] : [VARCHAR]) - [Prevent recieving calls and messages from future]
TRACE   2018-11-07 10:50:13,853 [http-nio-8080-exec-8] org.hibernate.type.descriptor.sql.BasicExtractor  - extracted value ([name3_4_] : [VARCHAR]) - [Spolier ban]
TRACE   2018-11-07 10:50:13,853 [http-nio-8080-exec-8] org.hibernate.type.descriptor.sql.BasicExtractor  - extracted value ([price4_4_] : [NUMERIC]) - [0.00]
TRACE   2018-11-07 10:50:13,853 [http-nio-8080-exec-8] org.hibernate.type.descriptor.sql.BasicExtractor  - extracted value ([subscrib5_4_] : [NUMERIC]) - [28.95]
TRACE   2018-11-07 10:50:13,853 [http-nio-8080-exec-8] org.hibernate.type.descriptor.sql.BasicExtractor  - extracted value ([id1_4_] : [INTEGER]) - [5]
TRACE   2018-11-07 10:50:13,853 [http-nio-8080-exec-8] org.hibernate.type.descriptor.sql.BasicExtractor  - extracted value ([descript2_4_] : [VARCHAR]) - [Enable communication through time]
TRACE   2018-11-07 10:50:13,853 [http-nio-8080-exec-8] org.hibernate.type.descriptor.sql.BasicExtractor  - extracted value ([name3_4_] : [VARCHAR]) - [Tachyon protocol]
TRACE   2018-11-07 10:50:13,853 [http-nio-8080-exec-8] org.hibernate.type.descriptor.sql.BasicExtractor  - extracted value ([price4_4_] : [NUMERIC]) - [1200.00]
TRACE   2018-11-07 10:50:13,853 [http-nio-8080-exec-8] org.hibernate.type.descriptor.sql.BasicExtractor  - extracted value ([subscrib5_4_] : [NUMERIC]) - [0.00]
TRACE   2018-11-07 10:50:13,854 [http-nio-8080-exec-8] org.hibernate.type.descriptor.sql.BasicExtractor  - extracted value ([id1_4_] : [INTEGER]) - [6]
TRACE   2018-11-07 10:50:13,854 [http-nio-8080-exec-8] org.hibernate.type.descriptor.sql.BasicExtractor  - extracted value ([descript2_4_] : [VARCHAR]) - [Enable send and receive hologram messages]
TRACE   2018-11-07 10:50:13,854 [http-nio-8080-exec-8] org.hibernate.type.descriptor.sql.BasicExtractor  - extracted value ([name3_4_] : [VARCHAR]) - [Hologram]
TRACE   2018-11-07 10:50:13,854 [http-nio-8080-exec-8] org.hibernate.type.descriptor.sql.BasicExtractor  - extracted value ([price4_4_] : [NUMERIC]) - [3.33]
TRACE   2018-11-07 10:50:13,854 [http-nio-8080-exec-8] org.hibernate.type.descriptor.sql.BasicExtractor  - extracted value ([subscrib5_4_] : [NUMERIC]) - [0.00]
TRACE   2018-11-07 10:50:13,854 [http-nio-8080-exec-8] org.hibernate.type.descriptor.sql.BasicExtractor  - extracted value ([id1_4_] : [INTEGER]) - [16]
TRACE   2018-11-07 10:50:13,855 [http-nio-8080-exec-8] org.hibernate.type.descriptor.sql.BasicExtractor  - extracted value ([descript2_4_] : [VARCHAR]) - [Don't worry about time paradox issues while communicating with past and future!]
TRACE   2018-11-07 10:50:13,855 [http-nio-8080-exec-8] org.hibernate.type.descriptor.sql.BasicExtractor  - extracted value ([name3_4_] : [VARCHAR]) - [Time paradox protection]
TRACE   2018-11-07 10:50:13,855 [http-nio-8080-exec-8] org.hibernate.type.descriptor.sql.BasicExtractor  - extracted value ([price4_4_] : [NUMERIC]) - [42.42]
TRACE   2018-11-07 10:50:13,855 [http-nio-8080-exec-8] org.hibernate.type.descriptor.sql.BasicExtractor  - extracted value ([subscrib5_4_] : [NUMERIC]) - [24.24]
DEBUG   2018-11-07 10:50:15,896 [http-nio-8080-exec-10] org.hibernate.SQL  - /* from entities.Option */ select option0_.id as id1_4_, option0_.description as descript2_4_, option0_.name as name3_4_, option0_.price as price4_4_, option0_.subscribeCost as subscrib5_4_ from option_ option0_
TRACE   2018-11-07 10:50:15,897 [http-nio-8080-exec-10] org.hibernate.type.descriptor.sql.BasicExtractor  - extracted value ([id1_4_] : [INTEGER]) - [1]
TRACE   2018-11-07 10:50:15,897 [http-nio-8080-exec-10] org.hibernate.type.descriptor.sql.BasicExtractor  - extracted value ([descript2_4_] : [VARCHAR]) - [Add Pluto to the Solar Sustem region]
TRACE   2018-11-07 10:50:15,897 [http-nio-8080-exec-10] org.hibernate.type.descriptor.sql.BasicExtractor  - extracted value ([name3_4_] : [VARCHAR]) - [I love Pluto]
TRACE   2018-11-07 10:50:15,897 [http-nio-8080-exec-10] org.hibernate.type.descriptor.sql.BasicExtractor  - extracted value ([price4_4_] : [NUMERIC]) - [9.00]
TRACE   2018-11-07 10:50:15,898 [http-nio-8080-exec-10] org.hibernate.type.descriptor.sql.BasicExtractor  - extracted value ([subscrib5_4_] : [NUMERIC]) - [9.00]
TRACE   2018-11-07 10:50:15,898 [http-nio-8080-exec-10] org.hibernate.type.descriptor.sql.BasicExtractor  - extracted value ([id1_4_] : [INTEGER]) - [2]
TRACE   2018-11-07 10:50:15,898 [http-nio-8080-exec-10] org.hibernate.type.descriptor.sql.BasicExtractor  - extracted value ([descript2_4_] : [VARCHAR]) - [Provide compability with long-distance services]
TRACE   2018-11-07 10:50:15,898 [http-nio-8080-exec-10] org.hibernate.type.descriptor.sql.BasicExtractor  - extracted value ([name3_4_] : [VARCHAR]) - [Deep space]
TRACE   2018-11-07 10:50:15,898 [http-nio-8080-exec-10] org.hibernate.type.descriptor.sql.BasicExtractor  - extracted value ([price4_4_] : [NUMERIC]) - [0.00]
TRACE   2018-11-07 10:50:15,898 [http-nio-8080-exec-10] org.hibernate.type.descriptor.sql.BasicExtractor  - extracted value ([subscrib5_4_] : [NUMERIC]) - [0.00]
TRACE   2018-11-07 10:50:15,898 [http-nio-8080-exec-10] org.hibernate.type.descriptor.sql.BasicExtractor  - extracted value ([id1_4_] : [INTEGER]) - [3]
TRACE   2018-11-07 10:50:15,899 [http-nio-8080-exec-10] org.hibernate.type.descriptor.sql.BasicExtractor  - extracted value ([descript2_4_] : [VARCHAR]) - [Get notification about black holes approaching]
TRACE   2018-11-07 10:50:15,899 [http-nio-8080-exec-10] org.hibernate.type.descriptor.sql.BasicExtractor  - extracted value ([name3_4_] : [VARCHAR]) - [Black Hole Alert]
TRACE   2018-11-07 10:50:15,899 [http-nio-8080-exec-10] org.hibernate.type.descriptor.sql.BasicExtractor  - extracted value ([price4_4_] : [NUMERIC]) - [15.50]
TRACE   2018-11-07 10:50:15,899 [http-nio-8080-exec-10] org.hibernate.type.descriptor.sql.BasicExtractor  - extracted value ([subscrib5_4_] : [NUMERIC]) - [300.00]
TRACE   2018-11-07 10:50:15,899 [http-nio-8080-exec-10] org.hibernate.type.descriptor.sql.BasicExtractor  - extracted value ([id1_4_] : [INTEGER]) - [4]
TRACE   2018-11-07 10:50:15,899 [http-nio-8080-exec-10] org.hibernate.type.descriptor.sql.BasicExtractor  - extracted value ([descript2_4_] : [VARCHAR]) - [Prevent recieving calls and messages from future]
TRACE   2018-11-07 10:50:15,899 [http-nio-8080-exec-10] org.hibernate.type.descriptor.sql.BasicExtractor  - extracted value ([name3_4_] : [VARCHAR]) - [Spolier ban]
TRACE   2018-11-07 10:50:15,900 [http-nio-8080-exec-10] org.hibernate.type.descriptor.sql.BasicExtractor  - extracted value ([price4_4_] : [NUMERIC]) - [0.00]
TRACE   2018-11-07 10:50:15,900 [http-nio-8080-exec-10] org.hibernate.type.descriptor.sql.BasicExtractor  - extracted value ([subscrib5_4_] : [NUMERIC]) - [28.95]
TRACE   2018-11-07 10:50:15,900 [http-nio-8080-exec-10] org.hibernate.type.descriptor.sql.BasicExtractor  - extracted value ([id1_4_] : [INTEGER]) - [5]
TRACE   2018-11-07 10:50:15,900 [http-nio-8080-exec-10] org.hibernate.type.descriptor.sql.BasicExtractor  - extracted value ([descript2_4_] : [VARCHAR]) - [Enable communication through time]
TRACE   2018-11-07 10:50:15,900 [http-nio-8080-exec-10] org.hibernate.type.descriptor.sql.BasicExtractor  - extracted value ([name3_4_] : [VARCHAR]) - [Tachyon protocol]
TRACE   2018-11-07 10:50:15,902 [http-nio-8080-exec-10] org.hibernate.type.descriptor.sql.BasicExtractor  - extracted value ([price4_4_] : [NUMERIC]) - [1200.00]
TRACE   2018-11-07 10:50:15,902 [http-nio-8080-exec-10] org.hibernate.type.descriptor.sql.BasicExtractor  - extracted value ([subscrib5_4_] : [NUMERIC]) - [0.00]
TRACE   2018-11-07 10:50:15,902 [http-nio-8080-exec-10] org.hibernate.type.descriptor.sql.BasicExtractor  - extracted value ([id1_4_] : [INTEGER]) - [6]
TRACE   2018-11-07 10:50:15,902 [http-nio-8080-exec-10] org.hibernate.type.descriptor.sql.BasicExtractor  - extracted value ([descript2_4_] : [VARCHAR]) - [Enable send and receive hologram messages]
TRACE   2018-11-07 10:50:15,902 [http-nio-8080-exec-10] org.hibernate.type.descriptor.sql.BasicExtractor  - extracted value ([name3_4_] : [VARCHAR]) - [Hologram]
TRACE   2018-11-07 10:50:15,902 [http-nio-8080-exec-10] org.hibernate.type.descriptor.sql.BasicExtractor  - extracted value ([price4_4_] : [NUMERIC]) - [3.33]
TRACE   2018-11-07 10:50:15,902 [http-nio-8080-exec-10] org.hibernate.type.descriptor.sql.BasicExtractor  - extracted value ([subscrib5_4_] : [NUMERIC]) - [0.00]
TRACE   2018-11-07 10:50:15,902 [http-nio-8080-exec-10] org.hibernate.type.descriptor.sql.BasicExtractor  - extracted value ([id1_4_] : [INTEGER]) - [16]
TRACE   2018-11-07 10:50:15,903 [http-nio-8080-exec-10] org.hibernate.type.descriptor.sql.BasicExtractor  - extracted value ([descript2_4_] : [VARCHAR]) - [Don't worry about time paradox issues while communicating with past and future!]
TRACE   2018-11-07 10:50:15,903 [http-nio-8080-exec-10] org.hibernate.type.descriptor.sql.BasicExtractor  - extracted value ([name3_4_] : [VARCHAR]) - [Time paradox protection]
TRACE   2018-11-07 10:50:15,903 [http-nio-8080-exec-10] org.hibernate.type.descriptor.sql.BasicExtractor  - extracted value ([price4_4_] : [NUMERIC]) - [42.42]
TRACE   2018-11-07 10:50:15,903 [http-nio-8080-exec-10] org.hibernate.type.descriptor.sql.BasicExtractor  - extracted value ([subscrib5_4_] : [NUMERIC]) - [24.24]
DEBUG   2018-11-07 10:50:15,907 [http-nio-8080-exec-10] org.hibernate.SQL  - /* select o.name from Option o */ select option0_.name as col_0_0_ from option_ option0_
TRACE   2018-11-07 10:50:15,908 [http-nio-8080-exec-10] org.hibernate.type.descriptor.sql.BasicExtractor  - extracted value ([col_0_0_] : [VARCHAR]) - [Black Hole Alert]
TRACE   2018-11-07 10:50:15,908 [http-nio-8080-exec-10] org.hibernate.type.descriptor.sql.BasicExtractor  - extracted value ([col_0_0_] : [VARCHAR]) - [Deep space]
TRACE   2018-11-07 10:50:15,908 [http-nio-8080-exec-10] org.hibernate.type.descriptor.sql.BasicExtractor  - extracted value ([col_0_0_] : [VARCHAR]) - [Hologram]
TRACE   2018-11-07 10:50:15,908 [http-nio-8080-exec-10] org.hibernate.type.descriptor.sql.BasicExtractor  - extracted value ([col_0_0_] : [VARCHAR]) - [I love Pluto]
TRACE   2018-11-07 10:50:15,908 [http-nio-8080-exec-10] org.hibernate.type.descriptor.sql.BasicExtractor  - extracted value ([col_0_0_] : [VARCHAR]) - [Spolier ban]
TRACE   2018-11-07 10:50:15,908 [http-nio-8080-exec-10] org.hibernate.type.descriptor.sql.BasicExtractor  - extracted value ([col_0_0_] : [VARCHAR]) - [Tachyon protocol]
TRACE   2018-11-07 10:50:15,909 [http-nio-8080-exec-10] org.hibernate.type.descriptor.sql.BasicExtractor  - extracted value ([col_0_0_] : [VARCHAR]) - [Time paradox protection]
DEBUG   2018-11-07 10:50:24,411 [http-nio-8080-exec-3] org.hibernate.SQL  - /* from entities.Option */ select option0_.id as id1_4_, option0_.description as descript2_4_, option0_.name as name3_4_, option0_.price as price4_4_, option0_.subscribeCost as subscrib5_4_ from option_ option0_
TRACE   2018-11-07 10:50:24,412 [http-nio-8080-exec-3] org.hibernate.type.descriptor.sql.BasicExtractor  - extracted value ([id1_4_] : [INTEGER]) - [1]
TRACE   2018-11-07 10:50:24,413 [http-nio-8080-exec-3] org.hibernate.type.descriptor.sql.BasicExtractor  - extracted value ([descript2_4_] : [VARCHAR]) - [Add Pluto to the Solar Sustem region]
TRACE   2018-11-07 10:50:24,413 [http-nio-8080-exec-3] org.hibernate.type.descriptor.sql.BasicExtractor  - extracted value ([name3_4_] : [VARCHAR]) - [I love Pluto]
TRACE   2018-11-07 10:50:24,413 [http-nio-8080-exec-3] org.hibernate.type.descriptor.sql.BasicExtractor  - extracted value ([price4_4_] : [NUMERIC]) - [9.00]
TRACE   2018-11-07 10:50:24,413 [http-nio-8080-exec-3] org.hibernate.type.descriptor.sql.BasicExtractor  - extracted value ([subscrib5_4_] : [NUMERIC]) - [9.00]
TRACE   2018-11-07 10:50:24,413 [http-nio-8080-exec-3] org.hibernate.type.descriptor.sql.BasicExtractor  - extracted value ([id1_4_] : [INTEGER]) - [2]
TRACE   2018-11-07 10:50:24,413 [http-nio-8080-exec-3] org.hibernate.type.descriptor.sql.BasicExtractor  - extracted value ([descript2_4_] : [VARCHAR]) - [Provide compability with long-distance services]
TRACE   2018-11-07 10:50:24,413 [http-nio-8080-exec-3] org.hibernate.type.descriptor.sql.BasicExtractor  - extracted value ([name3_4_] : [VARCHAR]) - [Deep space]
TRACE   2018-11-07 10:50:24,413 [http-nio-8080-exec-3] org.hibernate.type.descriptor.sql.BasicExtractor  - extracted value ([price4_4_] : [NUMERIC]) - [0.00]
TRACE   2018-11-07 10:50:24,413 [http-nio-8080-exec-3] org.hibernate.type.descriptor.sql.BasicExtractor  - extracted value ([subscrib5_4_] : [NUMERIC]) - [0.00]
TRACE   2018-11-07 10:50:24,413 [http-nio-8080-exec-3] org.hibernate.type.descriptor.sql.BasicExtractor  - extracted value ([id1_4_] : [INTEGER]) - [3]
TRACE   2018-11-07 10:50:24,414 [http-nio-8080-exec-3] org.hibernate.type.descriptor.sql.BasicExtractor  - extracted value ([descript2_4_] : [VARCHAR]) - [Get notification about black holes approaching]
TRACE   2018-11-07 10:50:24,414 [http-nio-8080-exec-3] org.hibernate.type.descriptor.sql.BasicExtractor  - extracted value ([name3_4_] : [VARCHAR]) - [Black Hole Alert]
TRACE   2018-11-07 10:50:24,414 [http-nio-8080-exec-3] org.hibernate.type.descriptor.sql.BasicExtractor  - extracted value ([price4_4_] : [NUMERIC]) - [15.50]
TRACE   2018-11-07 10:50:24,414 [http-nio-8080-exec-3] org.hibernate.type.descriptor.sql.BasicExtractor  - extracted value ([subscrib5_4_] : [NUMERIC]) - [300.00]
TRACE   2018-11-07 10:50:24,414 [http-nio-8080-exec-3] org.hibernate.type.descriptor.sql.BasicExtractor  - extracted value ([id1_4_] : [INTEGER]) - [4]
TRACE   2018-11-07 10:50:24,414 [http-nio-8080-exec-3] org.hibernate.type.descriptor.sql.BasicExtractor  - extracted value ([descript2_4_] : [VARCHAR]) - [Prevent recieving calls and messages from future]
TRACE   2018-11-07 10:50:24,414 [http-nio-8080-exec-3] org.hibernate.type.descriptor.sql.BasicExtractor  - extracted value ([name3_4_] : [VARCHAR]) - [Spolier ban]
TRACE   2018-11-07 10:50:24,414 [http-nio-8080-exec-3] org.hibernate.type.descriptor.sql.BasicExtractor  - extracted value ([price4_4_] : [NUMERIC]) - [0.00]
TRACE   2018-11-07 10:50:24,414 [http-nio-8080-exec-3] org.hibernate.type.descriptor.sql.BasicExtractor  - extracted value ([subscrib5_4_] : [NUMERIC]) - [28.95]
TRACE   2018-11-07 10:50:24,414 [http-nio-8080-exec-3] org.hibernate.type.descriptor.sql.BasicExtractor  - extracted value ([id1_4_] : [INTEGER]) - [5]
TRACE   2018-11-07 10:50:24,414 [http-nio-8080-exec-3] org.hibernate.type.descriptor.sql.BasicExtractor  - extracted value ([descript2_4_] : [VARCHAR]) - [Enable communication through time]
TRACE   2018-11-07 10:50:24,414 [http-nio-8080-exec-3] org.hibernate.type.descriptor.sql.BasicExtractor  - extracted value ([name3_4_] : [VARCHAR]) - [Tachyon protocol]
TRACE   2018-11-07 10:50:24,415 [http-nio-8080-exec-3] org.hibernate.type.descriptor.sql.BasicExtractor  - extracted value ([price4_4_] : [NUMERIC]) - [1200.00]
TRACE   2018-11-07 10:50:24,415 [http-nio-8080-exec-3] org.hibernate.type.descriptor.sql.BasicExtractor  - extracted value ([subscrib5_4_] : [NUMERIC]) - [0.00]
TRACE   2018-11-07 10:50:24,415 [http-nio-8080-exec-3] org.hibernate.type.descriptor.sql.BasicExtractor  - extracted value ([id1_4_] : [INTEGER]) - [6]
TRACE   2018-11-07 10:50:24,415 [http-nio-8080-exec-3] org.hibernate.type.descriptor.sql.BasicExtractor  - extracted value ([descript2_4_] : [VARCHAR]) - [Enable send and receive hologram messages]
TRACE   2018-11-07 10:50:24,415 [http-nio-8080-exec-3] org.hibernate.type.descriptor.sql.BasicExtractor  - extracted value ([name3_4_] : [VARCHAR]) - [Hologram]
TRACE   2018-11-07 10:50:24,415 [http-nio-8080-exec-3] org.hibernate.type.descriptor.sql.BasicExtractor  - extracted value ([price4_4_] : [NUMERIC]) - [3.33]
TRACE   2018-11-07 10:50:24,415 [http-nio-8080-exec-3] org.hibernate.type.descriptor.sql.BasicExtractor  - extracted value ([subscrib5_4_] : [NUMERIC]) - [0.00]
TRACE   2018-11-07 10:50:24,415 [http-nio-8080-exec-3] org.hibernate.type.descriptor.sql.BasicExtractor  - extracted value ([id1_4_] : [INTEGER]) - [16]
TRACE   2018-11-07 10:50:24,416 [http-nio-8080-exec-3] org.hibernate.type.descriptor.sql.BasicExtractor  - extracted value ([descript2_4_] : [VARCHAR]) - [Don't worry about time paradox issues while communicating with past and future!]
TRACE   2018-11-07 10:50:24,417 [http-nio-8080-exec-3] org.hibernate.type.descriptor.sql.BasicExtractor  - extracted value ([name3_4_] : [VARCHAR]) - [Time paradox protection]
TRACE   2018-11-07 10:50:24,417 [http-nio-8080-exec-3] org.hibernate.type.descriptor.sql.BasicExtractor  - extracted value ([price4_4_] : [NUMERIC]) - [42.42]
TRACE   2018-11-07 10:50:24,417 [http-nio-8080-exec-3] org.hibernate.type.descriptor.sql.BasicExtractor  - extracted value ([subscrib5_4_] : [NUMERIC]) - [24.24]
DEBUG   2018-11-07 10:50:24,517 [http-nio-8080-exec-3] org.hibernate.SQL  - /* find_by_name */ select option0_.id as id1_4_, option0_.description as descript2_4_, option0_.name as name3_4_, option0_.price as price4_4_, option0_.subscribeCost as subscrib5_4_ from option_ option0_ where option0_.name=?
TRACE   2018-11-07 10:50:24,517 [http-nio-8080-exec-3] org.hibernate.type.descriptor.sql.BasicBinder  - binding parameter [1] as [VARCHAR] - [base]
DEBUG   2018-11-07 10:50:24,539 [http-nio-8080-exec-3] org.hibernate.SQL  - /* insert entities.Option */ insert into option_ (description, name, price, subscribeCost) values (?, ?, ?, ?)
TRACE   2018-11-07 10:50:24,539 [http-nio-8080-exec-3] org.hibernate.type.descriptor.sql.BasicBinder  - binding parameter [1] as [VARCHAR] - []
TRACE   2018-11-07 10:50:24,539 [http-nio-8080-exec-3] org.hibernate.type.descriptor.sql.BasicBinder  - binding parameter [2] as [VARCHAR] - [base]
TRACE   2018-11-07 10:50:24,540 [http-nio-8080-exec-3] org.hibernate.type.descriptor.sql.BasicBinder  - binding parameter [3] as [NUMERIC] - [null]
TRACE   2018-11-07 10:50:24,540 [http-nio-8080-exec-3] org.hibernate.type.descriptor.sql.BasicBinder  - binding parameter [4] as [NUMERIC] - [null]
DEBUG   2018-11-07 10:50:24,563 [http-nio-8080-exec-4] org.hibernate.SQL  - /* from entities.Option */ select option0_.id as id1_4_, option0_.description as descript2_4_, option0_.name as name3_4_, option0_.price as price4_4_, option0_.subscribeCost as subscrib5_4_ from option_ option0_
TRACE   2018-11-07 10:50:24,563 [http-nio-8080-exec-4] org.hibernate.type.descriptor.sql.BasicExtractor  - extracted value ([id1_4_] : [INTEGER]) - [1]
TRACE   2018-11-07 10:50:24,564 [http-nio-8080-exec-4] org.hibernate.type.descriptor.sql.BasicExtractor  - extracted value ([descript2_4_] : [VARCHAR]) - [Add Pluto to the Solar Sustem region]
TRACE   2018-11-07 10:50:24,564 [http-nio-8080-exec-4] org.hibernate.type.descriptor.sql.BasicExtractor  - extracted value ([name3_4_] : [VARCHAR]) - [I love Pluto]
TRACE   2018-11-07 10:50:24,564 [http-nio-8080-exec-4] org.hibernate.type.descriptor.sql.BasicExtractor  - extracted value ([price4_4_] : [NUMERIC]) - [9.00]
TRACE   2018-11-07 10:50:24,564 [http-nio-8080-exec-4] org.hibernate.type.descriptor.sql.BasicExtractor  - extracted value ([subscrib5_4_] : [NUMERIC]) - [9.00]
TRACE   2018-11-07 10:50:24,564 [http-nio-8080-exec-4] org.hibernate.type.descriptor.sql.BasicExtractor  - extracted value ([id1_4_] : [INTEGER]) - [2]
TRACE   2018-11-07 10:50:24,564 [http-nio-8080-exec-4] org.hibernate.type.descriptor.sql.BasicExtractor  - extracted value ([descript2_4_] : [VARCHAR]) - [Provide compability with long-distance services]
TRACE   2018-11-07 10:50:24,564 [http-nio-8080-exec-4] org.hibernate.type.descriptor.sql.BasicExtractor  - extracted value ([name3_4_] : [VARCHAR]) - [Deep space]
TRACE   2018-11-07 10:50:24,564 [http-nio-8080-exec-4] org.hibernate.type.descriptor.sql.BasicExtractor  - extracted value ([price4_4_] : [NUMERIC]) - [0.00]
TRACE   2018-11-07 10:50:24,565 [http-nio-8080-exec-4] org.hibernate.type.descriptor.sql.BasicExtractor  - extracted value ([subscrib5_4_] : [NUMERIC]) - [0.00]
TRACE   2018-11-07 10:50:24,565 [http-nio-8080-exec-4] org.hibernate.type.descriptor.sql.BasicExtractor  - extracted value ([id1_4_] : [INTEGER]) - [3]
TRACE   2018-11-07 10:50:24,565 [http-nio-8080-exec-4] org.hibernate.type.descriptor.sql.BasicExtractor  - extracted value ([descript2_4_] : [VARCHAR]) - [Get notification about black holes approaching]
TRACE   2018-11-07 10:50:24,565 [http-nio-8080-exec-4] org.hibernate.type.descriptor.sql.BasicExtractor  - extracted value ([name3_4_] : [VARCHAR]) - [Black Hole Alert]
TRACE   2018-11-07 10:50:24,565 [http-nio-8080-exec-4] org.hibernate.type.descriptor.sql.BasicExtractor  - extracted value ([price4_4_] : [NUMERIC]) - [15.50]
TRACE   2018-11-07 10:50:24,565 [http-nio-8080-exec-4] org.hibernate.type.descriptor.sql.BasicExtractor  - extracted value ([subscrib5_4_] : [NUMERIC]) - [300.00]
TRACE   2018-11-07 10:50:24,565 [http-nio-8080-exec-4] org.hibernate.type.descriptor.sql.BasicExtractor  - extracted value ([id1_4_] : [INTEGER]) - [4]
TRACE   2018-11-07 10:50:24,565 [http-nio-8080-exec-4] org.hibernate.type.descriptor.sql.BasicExtractor  - extracted value ([descript2_4_] : [VARCHAR]) - [Prevent recieving calls and messages from future]
TRACE   2018-11-07 10:50:24,565 [http-nio-8080-exec-4] org.hibernate.type.descriptor.sql.BasicExtractor  - extracted value ([name3_4_] : [VARCHAR]) - [Spolier ban]
TRACE   2018-11-07 10:50:24,565 [http-nio-8080-exec-4] org.hibernate.type.descriptor.sql.BasicExtractor  - extracted value ([price4_4_] : [NUMERIC]) - [0.00]
TRACE   2018-11-07 10:50:24,566 [http-nio-8080-exec-4] org.hibernate.type.descriptor.sql.BasicExtractor  - extracted value ([subscrib5_4_] : [NUMERIC]) - [28.95]
TRACE   2018-11-07 10:50:24,566 [http-nio-8080-exec-4] org.hibernate.type.descriptor.sql.BasicExtractor  - extracted value ([id1_4_] : [INTEGER]) - [5]
TRACE   2018-11-07 10:50:24,566 [http-nio-8080-exec-4] org.hibernate.type.descriptor.sql.BasicExtractor  - extracted value ([descript2_4_] : [VARCHAR]) - [Enable communication through time]
TRACE   2018-11-07 10:50:24,566 [http-nio-8080-exec-4] org.hibernate.type.descriptor.sql.BasicExtractor  - extracted value ([name3_4_] : [VARCHAR]) - [Tachyon protocol]
TRACE   2018-11-07 10:50:24,567 [http-nio-8080-exec-4] org.hibernate.type.descriptor.sql.BasicExtractor  - extracted value ([price4_4_] : [NUMERIC]) - [1200.00]
TRACE   2018-11-07 10:50:24,567 [http-nio-8080-exec-4] org.hibernate.type.descriptor.sql.BasicExtractor  - extracted value ([subscrib5_4_] : [NUMERIC]) - [0.00]
TRACE   2018-11-07 10:50:24,567 [http-nio-8080-exec-4] org.hibernate.type.descriptor.sql.BasicExtractor  - extracted value ([id1_4_] : [INTEGER]) - [6]
TRACE   2018-11-07 10:50:24,567 [http-nio-8080-exec-4] org.hibernate.type.descriptor.sql.BasicExtractor  - extracted value ([descript2_4_] : [VARCHAR]) - [Enable send and receive hologram messages]
TRACE   2018-11-07 10:50:24,567 [http-nio-8080-exec-4] org.hibernate.type.descriptor.sql.BasicExtractor  - extracted value ([name3_4_] : [VARCHAR]) - [Hologram]
TRACE   2018-11-07 10:50:24,567 [http-nio-8080-exec-4] org.hibernate.type.descriptor.sql.BasicExtractor  - extracted value ([price4_4_] : [NUMERIC]) - [3.33]
TRACE   2018-11-07 10:50:24,567 [http-nio-8080-exec-4] org.hibernate.type.descriptor.sql.BasicExtractor  - extracted value ([subscrib5_4_] : [NUMERIC]) - [0.00]
TRACE   2018-11-07 10:50:24,567 [http-nio-8080-exec-4] org.hibernate.type.descriptor.sql.BasicExtractor  - extracted value ([id1_4_] : [INTEGER]) - [16]
TRACE   2018-11-07 10:50:24,567 [http-nio-8080-exec-4] org.hibernate.type.descriptor.sql.BasicExtractor  - extracted value ([descript2_4_] : [VARCHAR]) - [Don't worry about time paradox issues while communicating with past and future!]
TRACE   2018-11-07 10:50:24,568 [http-nio-8080-exec-4] org.hibernate.type.descriptor.sql.BasicExtractor  - extracted value ([name3_4_] : [VARCHAR]) - [Time paradox protection]
TRACE   2018-11-07 10:50:24,568 [http-nio-8080-exec-4] org.hibernate.type.descriptor.sql.BasicExtractor  - extracted value ([price4_4_] : [NUMERIC]) - [42.42]
TRACE   2018-11-07 10:50:24,568 [http-nio-8080-exec-4] org.hibernate.type.descriptor.sql.BasicExtractor  - extracted value ([subscrib5_4_] : [NUMERIC]) - [24.24]
TRACE   2018-11-07 10:50:24,568 [http-nio-8080-exec-4] org.hibernate.type.descriptor.sql.BasicExtractor  - extracted value ([id1_4_] : [INTEGER]) - [17]
TRACE   2018-11-07 10:50:24,568 [http-nio-8080-exec-4] org.hibernate.type.descriptor.sql.BasicExtractor  - extracted value ([descript2_4_] : [VARCHAR]) - []
TRACE   2018-11-07 10:50:24,568 [http-nio-8080-exec-4] org.hibernate.type.descriptor.sql.BasicExtractor  - extracted value ([name3_4_] : [VARCHAR]) - [base]
TRACE   2018-11-07 10:50:24,568 [http-nio-8080-exec-4] org.hibernate.type.descriptor.sql.BasicExtractor  - extracted value ([price4_4_] : [NUMERIC]) - [null]
TRACE   2018-11-07 10:50:24,568 [http-nio-8080-exec-4] org.hibernate.type.descriptor.sql.BasicExtractor  - extracted value ([subscrib5_4_] : [NUMERIC]) - [null]
DEBUG   2018-11-07 10:50:24,576 [http-nio-8080-exec-4] org.hibernate.SQL  - select option0_.id as id1_4_0_, option0_.description as descript2_4_0_, option0_.name as name3_4_0_, option0_.price as price4_4_0_, option0_.subscribeCost as subscrib5_4_0_ from option_ option0_ where option0_.id=?
TRACE   2018-11-07 10:50:24,576 [http-nio-8080-exec-4] org.hibernate.type.descriptor.sql.BasicBinder  - binding parameter [1] as [INTEGER] - [17]
TRACE   2018-11-07 10:50:24,578 [http-nio-8080-exec-4] org.hibernate.type.descriptor.sql.BasicExtractor  - extracted value ([descript2_4_0_] : [VARCHAR]) - []
TRACE   2018-11-07 10:50:24,578 [http-nio-8080-exec-4] org.hibernate.type.descriptor.sql.BasicExtractor  - extracted value ([name3_4_0_] : [VARCHAR]) - [base]
TRACE   2018-11-07 10:50:24,579 [http-nio-8080-exec-4] org.hibernate.type.descriptor.sql.BasicExtractor  - extracted value ([price4_4_0_] : [NUMERIC]) - [null]
TRACE   2018-11-07 10:50:24,579 [http-nio-8080-exec-4] org.hibernate.type.descriptor.sql.BasicExtractor  - extracted value ([subscrib5_4_0_] : [NUMERIC]) - [null]
DEBUG   2018-11-07 10:50:24,582 [http-nio-8080-exec-4] org.hibernate.SQL  - /* get_all_incompatible_names */ select option1_.name as col_0_0_ from optionRelation optionrela0_ cross join option_ option1_ cross join option_ option2_ where optionrela0_.another_id=option1_.id and optionrela0_.one_id=option2_.id and optionrela0_.relation='INCOMPATIBLE' and (option2_.name in (?))
TRACE   2018-11-07 10:50:24,583 [http-nio-8080-exec-4] org.hibernate.type.descriptor.sql.BasicBinder  - binding parameter [1] as [VARCHAR] - [base]
DEBUG   2018-11-07 10:50:24,584 [http-nio-8080-exec-4] org.hibernate.SQL  - /* get_all_mandatory_names */ select option1_.name as col_0_0_ from optionRelation optionrela0_ cross join option_ option1_ cross join option_ option2_ where optionrela0_.another_id=option1_.id and optionrela0_.one_id=option2_.id and optionrela0_.relation='MANDATORY' and (option2_.name in (?))
TRACE   2018-11-07 10:50:24,585 [http-nio-8080-exec-4] org.hibernate.type.descriptor.sql.BasicBinder  - binding parameter [1] as [VARCHAR] - [base]
DEBUG   2018-11-07 10:50:26,995 [http-nio-8080-exec-6] org.hibernate.SQL  - /* from entities.Option */ select option0_.id as id1_4_, option0_.description as descript2_4_, option0_.name as name3_4_, option0_.price as price4_4_, option0_.subscribeCost as subscrib5_4_ from option_ option0_
TRACE   2018-11-07 10:50:26,996 [http-nio-8080-exec-6] org.hibernate.type.descriptor.sql.BasicExtractor  - extracted value ([id1_4_] : [INTEGER]) - [1]
TRACE   2018-11-07 10:50:26,996 [http-nio-8080-exec-6] org.hibernate.type.descriptor.sql.BasicExtractor  - extracted value ([descript2_4_] : [VARCHAR]) - [Add Pluto to the Solar Sustem region]
TRACE   2018-11-07 10:50:26,997 [http-nio-8080-exec-6] org.hibernate.type.descriptor.sql.BasicExtractor  - extracted value ([name3_4_] : [VARCHAR]) - [I love Pluto]
TRACE   2018-11-07 10:50:26,997 [http-nio-8080-exec-6] org.hibernate.type.descriptor.sql.BasicExtractor  - extracted value ([price4_4_] : [NUMERIC]) - [9.00]
TRACE   2018-11-07 10:50:26,997 [http-nio-8080-exec-6] org.hibernate.type.descriptor.sql.BasicExtractor  - extracted value ([subscrib5_4_] : [NUMERIC]) - [9.00]
TRACE   2018-11-07 10:50:26,997 [http-nio-8080-exec-6] org.hibernate.type.descriptor.sql.BasicExtractor  - extracted value ([id1_4_] : [INTEGER]) - [2]
TRACE   2018-11-07 10:50:26,997 [http-nio-8080-exec-6] org.hibernate.type.descriptor.sql.BasicExtractor  - extracted value ([descript2_4_] : [VARCHAR]) - [Provide compability with long-distance services]
TRACE   2018-11-07 10:50:26,997 [http-nio-8080-exec-6] org.hibernate.type.descriptor.sql.BasicExtractor  - extracted value ([name3_4_] : [VARCHAR]) - [Deep space]
TRACE   2018-11-07 10:50:26,997 [http-nio-8080-exec-6] org.hibernate.type.descriptor.sql.BasicExtractor  - extracted value ([price4_4_] : [NUMERIC]) - [0.00]
TRACE   2018-11-07 10:50:26,997 [http-nio-8080-exec-6] org.hibernate.type.descriptor.sql.BasicExtractor  - extracted value ([subscrib5_4_] : [NUMERIC]) - [0.00]
TRACE   2018-11-07 10:50:26,997 [http-nio-8080-exec-6] org.hibernate.type.descriptor.sql.BasicExtractor  - extracted value ([id1_4_] : [INTEGER]) - [3]
TRACE   2018-11-07 10:50:26,998 [http-nio-8080-exec-6] org.hibernate.type.descriptor.sql.BasicExtractor  - extracted value ([descript2_4_] : [VARCHAR]) - [Get notification about black holes approaching]
TRACE   2018-11-07 10:50:26,998 [http-nio-8080-exec-6] org.hibernate.type.descriptor.sql.BasicExtractor  - extracted value ([name3_4_] : [VARCHAR]) - [Black Hole Alert]
TRACE   2018-11-07 10:50:26,998 [http-nio-8080-exec-6] org.hibernate.type.descriptor.sql.BasicExtractor  - extracted value ([price4_4_] : [NUMERIC]) - [15.50]
TRACE   2018-11-07 10:50:26,998 [http-nio-8080-exec-6] org.hibernate.type.descriptor.sql.BasicExtractor  - extracted value ([subscrib5_4_] : [NUMERIC]) - [300.00]
TRACE   2018-11-07 10:50:26,998 [http-nio-8080-exec-6] org.hibernate.type.descriptor.sql.BasicExtractor  - extracted value ([id1_4_] : [INTEGER]) - [4]
TRACE   2018-11-07 10:50:26,998 [http-nio-8080-exec-6] org.hibernate.type.descriptor.sql.BasicExtractor  - extracted value ([descript2_4_] : [VARCHAR]) - [Prevent recieving calls and messages from future]
TRACE   2018-11-07 10:50:26,998 [http-nio-8080-exec-6] org.hibernate.type.descriptor.sql.BasicExtractor  - extracted value ([name3_4_] : [VARCHAR]) - [Spolier ban]
TRACE   2018-11-07 10:50:26,998 [http-nio-8080-exec-6] org.hibernate.type.descriptor.sql.BasicExtractor  - extracted value ([price4_4_] : [NUMERIC]) - [0.00]
TRACE   2018-11-07 10:50:26,998 [http-nio-8080-exec-6] org.hibernate.type.descriptor.sql.BasicExtractor  - extracted value ([subscrib5_4_] : [NUMERIC]) - [28.95]
TRACE   2018-11-07 10:50:26,998 [http-nio-8080-exec-6] org.hibernate.type.descriptor.sql.BasicExtractor  - extracted value ([id1_4_] : [INTEGER]) - [5]
TRACE   2018-11-07 10:50:26,998 [http-nio-8080-exec-6] org.hibernate.type.descriptor.sql.BasicExtractor  - extracted value ([descript2_4_] : [VARCHAR]) - [Enable communication through time]
TRACE   2018-11-07 10:50:26,999 [http-nio-8080-exec-6] org.hibernate.type.descriptor.sql.BasicExtractor  - extracted value ([name3_4_] : [VARCHAR]) - [Tachyon protocol]
TRACE   2018-11-07 10:50:26,999 [http-nio-8080-exec-6] org.hibernate.type.descriptor.sql.BasicExtractor  - extracted value ([price4_4_] : [NUMERIC]) - [1200.00]
TRACE   2018-11-07 10:50:26,999 [http-nio-8080-exec-6] org.hibernate.type.descriptor.sql.BasicExtractor  - extracted value ([subscrib5_4_] : [NUMERIC]) - [0.00]
TRACE   2018-11-07 10:50:26,999 [http-nio-8080-exec-6] org.hibernate.type.descriptor.sql.BasicExtractor  - extracted value ([id1_4_] : [INTEGER]) - [6]
TRACE   2018-11-07 10:50:26,999 [http-nio-8080-exec-6] org.hibernate.type.descriptor.sql.BasicExtractor  - extracted value ([descript2_4_] : [VARCHAR]) - [Enable send and receive hologram messages]
TRACE   2018-11-07 10:50:26,999 [http-nio-8080-exec-6] org.hibernate.type.descriptor.sql.BasicExtractor  - extracted value ([name3_4_] : [VARCHAR]) - [Hologram]
TRACE   2018-11-07 10:50:26,999 [http-nio-8080-exec-6] org.hibernate.type.descriptor.sql.BasicExtractor  - extracted value ([price4_4_] : [NUMERIC]) - [3.33]
TRACE   2018-11-07 10:50:27,000 [http-nio-8080-exec-6] org.hibernate.type.descriptor.sql.BasicExtractor  - extracted value ([subscrib5_4_] : [NUMERIC]) - [0.00]
TRACE   2018-11-07 10:50:27,000 [http-nio-8080-exec-6] org.hibernate.type.descriptor.sql.BasicExtractor  - extracted value ([id1_4_] : [INTEGER]) - [16]
TRACE   2018-11-07 10:50:27,000 [http-nio-8080-exec-6] org.hibernate.type.descriptor.sql.BasicExtractor  - extracted value ([descript2_4_] : [VARCHAR]) - [Don't worry about time paradox issues while communicating with past and future!]
TRACE   2018-11-07 10:50:27,000 [http-nio-8080-exec-6] org.hibernate.type.descriptor.sql.BasicExtractor  - extracted value ([name3_4_] : [VARCHAR]) - [Time paradox protection]
TRACE   2018-11-07 10:50:27,000 [http-nio-8080-exec-6] org.hibernate.type.descriptor.sql.BasicExtractor  - extracted value ([price4_4_] : [NUMERIC]) - [42.42]
TRACE   2018-11-07 10:50:27,000 [http-nio-8080-exec-6] org.hibernate.type.descriptor.sql.BasicExtractor  - extracted value ([subscrib5_4_] : [NUMERIC]) - [24.24]
TRACE   2018-11-07 10:50:27,000 [http-nio-8080-exec-6] org.hibernate.type.descriptor.sql.BasicExtractor  - extracted value ([id1_4_] : [INTEGER]) - [17]
TRACE   2018-11-07 10:50:27,001 [http-nio-8080-exec-6] org.hibernate.type.descriptor.sql.BasicExtractor  - extracted value ([descript2_4_] : [VARCHAR]) - []
TRACE   2018-11-07 10:50:27,001 [http-nio-8080-exec-6] org.hibernate.type.descriptor.sql.BasicExtractor  - extracted value ([name3_4_] : [VARCHAR]) - [base]
TRACE   2018-11-07 10:50:27,001 [http-nio-8080-exec-6] org.hibernate.type.descriptor.sql.BasicExtractor  - extracted value ([price4_4_] : [NUMERIC]) - [null]
TRACE   2018-11-07 10:50:27,001 [http-nio-8080-exec-6] org.hibernate.type.descriptor.sql.BasicExtractor  - extracted value ([subscrib5_4_] : [NUMERIC]) - [null]
DEBUG   2018-11-07 10:50:27,005 [http-nio-8080-exec-6] org.hibernate.SQL  - select option0_.id as id1_4_0_, option0_.description as descript2_4_0_, option0_.name as name3_4_0_, option0_.price as price4_4_0_, option0_.subscribeCost as subscrib5_4_0_ from option_ option0_ where option0_.id=?
TRACE   2018-11-07 10:50:27,011 [http-nio-8080-exec-6] org.hibernate.type.descriptor.sql.BasicBinder  - binding parameter [1] as [INTEGER] - [17]
TRACE   2018-11-07 10:50:27,011 [http-nio-8080-exec-6] org.hibernate.type.descriptor.sql.BasicExtractor  - extracted value ([descript2_4_0_] : [VARCHAR]) - []
TRACE   2018-11-07 10:50:27,012 [http-nio-8080-exec-6] org.hibernate.type.descriptor.sql.BasicExtractor  - extracted value ([name3_4_0_] : [VARCHAR]) - [base]
TRACE   2018-11-07 10:50:27,012 [http-nio-8080-exec-6] org.hibernate.type.descriptor.sql.BasicExtractor  - extracted value ([price4_4_0_] : [NUMERIC]) - [null]
TRACE   2018-11-07 10:50:27,012 [http-nio-8080-exec-6] org.hibernate.type.descriptor.sql.BasicExtractor  - extracted value ([subscrib5_4_0_] : [NUMERIC]) - [null]
DEBUG   2018-11-07 10:50:27,012 [http-nio-8080-exec-6] org.hibernate.SQL  - /* get_all_incompatible_names */ select option1_.name as col_0_0_ from optionRelation optionrela0_ cross join option_ option1_ cross join option_ option2_ where optionrela0_.another_id=option1_.id and optionrela0_.one_id=option2_.id and optionrela0_.relation='INCOMPATIBLE' and (option2_.name in (?))
TRACE   2018-11-07 10:50:27,013 [http-nio-8080-exec-6] org.hibernate.type.descriptor.sql.BasicBinder  - binding parameter [1] as [VARCHAR] - [base]
DEBUG   2018-11-07 10:50:27,013 [http-nio-8080-exec-6] org.hibernate.SQL  - /* get_all_mandatory_names */ select option1_.name as col_0_0_ from optionRelation optionrela0_ cross join option_ option1_ cross join option_ option2_ where optionrela0_.another_id=option1_.id and optionrela0_.one_id=option2_.id and optionrela0_.relation='MANDATORY' and (option2_.name in (?))
TRACE   2018-11-07 10:50:27,014 [http-nio-8080-exec-6] org.hibernate.type.descriptor.sql.BasicBinder  - binding parameter [1] as [VARCHAR] - [base]
DEBUG   2018-11-07 10:50:27,015 [http-nio-8080-exec-6] org.hibernate.SQL  - /* select o.name from Option o */ select option0_.name as col_0_0_ from option_ option0_
TRACE   2018-11-07 10:50:27,015 [http-nio-8080-exec-6] org.hibernate.type.descriptor.sql.BasicExtractor  - extracted value ([col_0_0_] : [VARCHAR]) - [base]
TRACE   2018-11-07 10:50:27,015 [http-nio-8080-exec-6] org.hibernate.type.descriptor.sql.BasicExtractor  - extracted value ([col_0_0_] : [VARCHAR]) - [Black Hole Alert]
TRACE   2018-11-07 10:50:27,015 [http-nio-8080-exec-6] org.hibernate.type.descriptor.sql.BasicExtractor  - extracted value ([col_0_0_] : [VARCHAR]) - [Deep space]
TRACE   2018-11-07 10:50:27,015 [http-nio-8080-exec-6] org.hibernate.type.descriptor.sql.BasicExtractor  - extracted value ([col_0_0_] : [VARCHAR]) - [Hologram]
TRACE   2018-11-07 10:50:27,015 [http-nio-8080-exec-6] org.hibernate.type.descriptor.sql.BasicExtractor  - extracted value ([col_0_0_] : [VARCHAR]) - [I love Pluto]
TRACE   2018-11-07 10:50:27,015 [http-nio-8080-exec-6] org.hibernate.type.descriptor.sql.BasicExtractor  - extracted value ([col_0_0_] : [VARCHAR]) - [Spolier ban]
TRACE   2018-11-07 10:50:27,016 [http-nio-8080-exec-6] org.hibernate.type.descriptor.sql.BasicExtractor  - extracted value ([col_0_0_] : [VARCHAR]) - [Tachyon protocol]
TRACE   2018-11-07 10:50:27,016 [http-nio-8080-exec-6] org.hibernate.type.descriptor.sql.BasicExtractor  - extracted value ([col_0_0_] : [VARCHAR]) - [Time paradox protection]
DEBUG   2018-11-07 10:50:27,017 [http-nio-8080-exec-6] org.hibernate.SQL  - /* select o.name from Option o */ select option0_.name as col_0_0_ from option_ option0_
TRACE   2018-11-07 10:50:27,018 [http-nio-8080-exec-6] org.hibernate.type.descriptor.sql.BasicExtractor  - extracted value ([col_0_0_] : [VARCHAR]) - [base]
TRACE   2018-11-07 10:50:27,018 [http-nio-8080-exec-6] org.hibernate.type.descriptor.sql.BasicExtractor  - extracted value ([col_0_0_] : [VARCHAR]) - [Black Hole Alert]
TRACE   2018-11-07 10:50:27,018 [http-nio-8080-exec-6] org.hibernate.type.descriptor.sql.BasicExtractor  - extracted value ([col_0_0_] : [VARCHAR]) - [Deep space]
TRACE   2018-11-07 10:50:27,018 [http-nio-8080-exec-6] org.hibernate.type.descriptor.sql.BasicExtractor  - extracted value ([col_0_0_] : [VARCHAR]) - [Hologram]
TRACE   2018-11-07 10:50:27,018 [http-nio-8080-exec-6] org.hibernate.type.descriptor.sql.BasicExtractor  - extracted value ([col_0_0_] : [VARCHAR]) - [I love Pluto]
TRACE   2018-11-07 10:50:27,018 [http-nio-8080-exec-6] org.hibernate.type.descriptor.sql.BasicExtractor  - extracted value ([col_0_0_] : [VARCHAR]) - [Spolier ban]
TRACE   2018-11-07 10:50:27,018 [http-nio-8080-exec-6] org.hibernate.type.descriptor.sql.BasicExtractor  - extracted value ([col_0_0_] : [VARCHAR]) - [Tachyon protocol]
TRACE   2018-11-07 10:50:27,018 [http-nio-8080-exec-6] org.hibernate.type.descriptor.sql.BasicExtractor  - extracted value ([col_0_0_] : [VARCHAR]) - [Time paradox protection]
DEBUG   2018-11-07 10:50:29,723 [http-nio-8080-exec-8] org.hibernate.SQL  - /* from entities.Option */ select option0_.id as id1_4_, option0_.description as descript2_4_, option0_.name as name3_4_, option0_.price as price4_4_, option0_.subscribeCost as subscrib5_4_ from option_ option0_
TRACE   2018-11-07 10:50:29,726 [http-nio-8080-exec-8] org.hibernate.type.descriptor.sql.BasicExtractor  - extracted value ([id1_4_] : [INTEGER]) - [1]
TRACE   2018-11-07 10:50:29,726 [http-nio-8080-exec-8] org.hibernate.type.descriptor.sql.BasicExtractor  - extracted value ([descript2_4_] : [VARCHAR]) - [Add Pluto to the Solar Sustem region]
TRACE   2018-11-07 10:50:29,726 [http-nio-8080-exec-8] org.hibernate.type.descriptor.sql.BasicExtractor  - extracted value ([name3_4_] : [VARCHAR]) - [I love Pluto]
TRACE   2018-11-07 10:50:29,726 [http-nio-8080-exec-8] org.hibernate.type.descriptor.sql.BasicExtractor  - extracted value ([price4_4_] : [NUMERIC]) - [9.00]
TRACE   2018-11-07 10:50:29,726 [http-nio-8080-exec-8] org.hibernate.type.descriptor.sql.BasicExtractor  - extracted value ([subscrib5_4_] : [NUMERIC]) - [9.00]
TRACE   2018-11-07 10:50:29,726 [http-nio-8080-exec-8] org.hibernate.type.descriptor.sql.BasicExtractor  - extracted value ([id1_4_] : [INTEGER]) - [2]
TRACE   2018-11-07 10:50:29,726 [http-nio-8080-exec-8] org.hibernate.type.descriptor.sql.BasicExtractor  - extracted value ([descript2_4_] : [VARCHAR]) - [Provide compability with long-distance services]
TRACE   2018-11-07 10:50:29,726 [http-nio-8080-exec-8] org.hibernate.type.descriptor.sql.BasicExtractor  - extracted value ([name3_4_] : [VARCHAR]) - [Deep space]
TRACE   2018-11-07 10:50:29,727 [http-nio-8080-exec-8] org.hibernate.type.descriptor.sql.BasicExtractor  - extracted value ([price4_4_] : [NUMERIC]) - [0.00]
TRACE   2018-11-07 10:50:29,727 [http-nio-8080-exec-8] org.hibernate.type.descriptor.sql.BasicExtractor  - extracted value ([subscrib5_4_] : [NUMERIC]) - [0.00]
TRACE   2018-11-07 10:50:29,727 [http-nio-8080-exec-8] org.hibernate.type.descriptor.sql.BasicExtractor  - extracted value ([id1_4_] : [INTEGER]) - [3]
TRACE   2018-11-07 10:50:29,727 [http-nio-8080-exec-8] org.hibernate.type.descriptor.sql.BasicExtractor  - extracted value ([descript2_4_] : [VARCHAR]) - [Get notification about black holes approaching]
TRACE   2018-11-07 10:50:29,727 [http-nio-8080-exec-8] org.hibernate.type.descriptor.sql.BasicExtractor  - extracted value ([name3_4_] : [VARCHAR]) - [Black Hole Alert]
TRACE   2018-11-07 10:50:29,727 [http-nio-8080-exec-8] org.hibernate.type.descriptor.sql.BasicExtractor  - extracted value ([price4_4_] : [NUMERIC]) - [15.50]
TRACE   2018-11-07 10:50:29,727 [http-nio-8080-exec-8] org.hibernate.type.descriptor.sql.BasicExtractor  - extracted value ([subscrib5_4_] : [NUMERIC]) - [300.00]
TRACE   2018-11-07 10:50:29,727 [http-nio-8080-exec-8] org.hibernate.type.descriptor.sql.BasicExtractor  - extracted value ([id1_4_] : [INTEGER]) - [4]
TRACE   2018-11-07 10:50:29,727 [http-nio-8080-exec-8] org.hibernate.type.descriptor.sql.BasicExtractor  - extracted value ([descript2_4_] : [VARCHAR]) - [Prevent recieving calls and messages from future]
TRACE   2018-11-07 10:50:29,727 [http-nio-8080-exec-8] org.hibernate.type.descriptor.sql.BasicExtractor  - extracted value ([name3_4_] : [VARCHAR]) - [Spolier ban]
TRACE   2018-11-07 10:50:29,727 [http-nio-8080-exec-8] org.hibernate.type.descriptor.sql.BasicExtractor  - extracted value ([price4_4_] : [NUMERIC]) - [0.00]
TRACE   2018-11-07 10:50:29,727 [http-nio-8080-exec-8] org.hibernate.type.descriptor.sql.BasicExtractor  - extracted value ([subscrib5_4_] : [NUMERIC]) - [28.95]
TRACE   2018-11-07 10:50:29,728 [http-nio-8080-exec-8] org.hibernate.type.descriptor.sql.BasicExtractor  - extracted value ([id1_4_] : [INTEGER]) - [5]
TRACE   2018-11-07 10:50:29,728 [http-nio-8080-exec-8] org.hibernate.type.descriptor.sql.BasicExtractor  - extracted value ([descript2_4_] : [VARCHAR]) - [Enable communication through time]
TRACE   2018-11-07 10:50:29,728 [http-nio-8080-exec-8] org.hibernate.type.descriptor.sql.BasicExtractor  - extracted value ([name3_4_] : [VARCHAR]) - [Tachyon protocol]
TRACE   2018-11-07 10:50:29,728 [http-nio-8080-exec-8] org.hibernate.type.descriptor.sql.BasicExtractor  - extracted value ([price4_4_] : [NUMERIC]) - [1200.00]
TRACE   2018-11-07 10:50:29,728 [http-nio-8080-exec-8] org.hibernate.type.descriptor.sql.BasicExtractor  - extracted value ([subscrib5_4_] : [NUMERIC]) - [0.00]
TRACE   2018-11-07 10:50:29,728 [http-nio-8080-exec-8] org.hibernate.type.descriptor.sql.BasicExtractor  - extracted value ([id1_4_] : [INTEGER]) - [6]
TRACE   2018-11-07 10:50:29,728 [http-nio-8080-exec-8] org.hibernate.type.descriptor.sql.BasicExtractor  - extracted value ([descript2_4_] : [VARCHAR]) - [Enable send and receive hologram messages]
TRACE   2018-11-07 10:50:29,728 [http-nio-8080-exec-8] org.hibernate.type.descriptor.sql.BasicExtractor  - extracted value ([name3_4_] : [VARCHAR]) - [Hologram]
TRACE   2018-11-07 10:50:29,728 [http-nio-8080-exec-8] org.hibernate.type.descriptor.sql.BasicExtractor  - extracted value ([price4_4_] : [NUMERIC]) - [3.33]
TRACE   2018-11-07 10:50:29,728 [http-nio-8080-exec-8] org.hibernate.type.descriptor.sql.BasicExtractor  - extracted value ([subscrib5_4_] : [NUMERIC]) - [0.00]
TRACE   2018-11-07 10:50:29,728 [http-nio-8080-exec-8] org.hibernate.type.descriptor.sql.BasicExtractor  - extracted value ([id1_4_] : [INTEGER]) - [16]
TRACE   2018-11-07 10:50:29,728 [http-nio-8080-exec-8] org.hibernate.type.descriptor.sql.BasicExtractor  - extracted value ([descript2_4_] : [VARCHAR]) - [Don't worry about time paradox issues while communicating with past and future!]
TRACE   2018-11-07 10:50:29,728 [http-nio-8080-exec-8] org.hibernate.type.descriptor.sql.BasicExtractor  - extracted value ([name3_4_] : [VARCHAR]) - [Time paradox protection]
TRACE   2018-11-07 10:50:29,728 [http-nio-8080-exec-8] org.hibernate.type.descriptor.sql.BasicExtractor  - extracted value ([price4_4_] : [NUMERIC]) - [42.42]
TRACE   2018-11-07 10:50:29,729 [http-nio-8080-exec-8] org.hibernate.type.descriptor.sql.BasicExtractor  - extracted value ([subscrib5_4_] : [NUMERIC]) - [24.24]
TRACE   2018-11-07 10:50:29,729 [http-nio-8080-exec-8] org.hibernate.type.descriptor.sql.BasicExtractor  - extracted value ([id1_4_] : [INTEGER]) - [17]
TRACE   2018-11-07 10:50:29,729 [http-nio-8080-exec-8] org.hibernate.type.descriptor.sql.BasicExtractor  - extracted value ([descript2_4_] : [VARCHAR]) - []
TRACE   2018-11-07 10:50:29,729 [http-nio-8080-exec-8] org.hibernate.type.descriptor.sql.BasicExtractor  - extracted value ([name3_4_] : [VARCHAR]) - [base]
TRACE   2018-11-07 10:50:29,729 [http-nio-8080-exec-8] org.hibernate.type.descriptor.sql.BasicExtractor  - extracted value ([price4_4_] : [NUMERIC]) - [null]
TRACE   2018-11-07 10:50:29,729 [http-nio-8080-exec-8] org.hibernate.type.descriptor.sql.BasicExtractor  - extracted value ([subscrib5_4_] : [NUMERIC]) - [null]
DEBUG   2018-11-07 10:50:29,732 [http-nio-8080-exec-8] org.hibernate.SQL  - /* is_option_used_in_Contract */ select contract0_.id as col_0_0_ from Contract contract0_ inner join contract_option options1_ on contract0_.id=options1_.contract_id inner join option_ option2_ on options1_.option_id=option2_.id where option2_.id=? limit ?
TRACE   2018-11-07 10:50:29,733 [http-nio-8080-exec-8] org.hibernate.type.descriptor.sql.BasicBinder  - binding parameter [1] as [INTEGER] - [17]
DEBUG   2018-11-07 10:50:29,734 [http-nio-8080-exec-8] org.hibernate.SQL  - /* is_option_used_in_Tariff */ select tariff0_.id as col_0_0_ from Tariff tariff0_ inner join tariff_option options1_ on tariff0_.id=options1_.tariff_id inner join option_ option2_ on options1_.option_id=option2_.id where option2_.id=? limit ?
TRACE   2018-11-07 10:50:29,736 [http-nio-8080-exec-8] org.hibernate.type.descriptor.sql.BasicBinder  - binding parameter [1] as [INTEGER] - [17]
DEBUG   2018-11-07 10:50:29,737 [http-nio-8080-exec-8] org.hibernate.SQL  - /* is_option_Mandatory */ select optionrela0_.id as id1_5_, optionrela0_.another_id as another_3_5_, optionrela0_.one_id as one_id4_5_, optionrela0_.relation as relation2_5_ from optionRelation optionrela0_ where optionrela0_.another_id=? limit ?
TRACE   2018-11-07 10:50:29,737 [http-nio-8080-exec-8] org.hibernate.type.descriptor.sql.BasicBinder  - binding parameter [1] as [INTEGER] - [17]
DEBUG   2018-11-07 10:50:29,744 [http-nio-8080-exec-8] org.hibernate.SQL  - /* delete_mandatory */ delete from optionRelation where one_id=? and relation='MANDATORY'
TRACE   2018-11-07 10:50:29,744 [http-nio-8080-exec-8] org.hibernate.type.descriptor.sql.BasicBinder  - binding parameter [1] as [INTEGER] - [17]
DEBUG   2018-11-07 10:50:29,744 [http-nio-8080-exec-8] org.hibernate.SQL  - /* delete_incompatible */ delete from optionRelation where (one_id=? or another_id=?) and relation='INCOMPATIBLE'
TRACE   2018-11-07 10:50:29,745 [http-nio-8080-exec-8] org.hibernate.type.descriptor.sql.BasicBinder  - binding parameter [1] as [INTEGER] - [17]
TRACE   2018-11-07 10:50:29,745 [http-nio-8080-exec-8] org.hibernate.type.descriptor.sql.BasicBinder  - binding parameter [2] as [INTEGER] - [17]
DEBUG   2018-11-07 10:50:29,745 [http-nio-8080-exec-8] org.hibernate.SQL  - select option0_.id as id1_4_0_, option0_.description as descript2_4_0_, option0_.name as name3_4_0_, option0_.price as price4_4_0_, option0_.subscribeCost as subscrib5_4_0_ from option_ option0_ where option0_.id=?
TRACE   2018-11-07 10:50:29,745 [http-nio-8080-exec-8] org.hibernate.type.descriptor.sql.BasicBinder  - binding parameter [1] as [INTEGER] - [17]
TRACE   2018-11-07 10:50:29,746 [http-nio-8080-exec-8] org.hibernate.type.descriptor.sql.BasicExtractor  - extracted value ([descript2_4_0_] : [VARCHAR]) - []
TRACE   2018-11-07 10:50:29,746 [http-nio-8080-exec-8] org.hibernate.type.descriptor.sql.BasicExtractor  - extracted value ([name3_4_0_] : [VARCHAR]) - [base]
TRACE   2018-11-07 10:50:29,746 [http-nio-8080-exec-8] org.hibernate.type.descriptor.sql.BasicExtractor  - extracted value ([price4_4_0_] : [NUMERIC]) - [null]
TRACE   2018-11-07 10:50:29,746 [http-nio-8080-exec-8] org.hibernate.type.descriptor.sql.BasicExtractor  - extracted value ([subscrib5_4_0_] : [NUMERIC]) - [null]
DEBUG   2018-11-07 10:50:29,762 [http-nio-8080-exec-8] org.hibernate.SQL  - /* delete entities.Option */ delete from option_ where id=?
TRACE   2018-11-07 10:50:29,763 [http-nio-8080-exec-8] org.hibernate.type.descriptor.sql.BasicBinder  - binding parameter [1] as [INTEGER] - [17]
DEBUG   2018-11-07 10:50:29,776 [http-nio-8080-exec-9] org.hibernate.SQL  - /* from entities.Option */ select option0_.id as id1_4_, option0_.description as descript2_4_, option0_.name as name3_4_, option0_.price as price4_4_, option0_.subscribeCost as subscrib5_4_ from option_ option0_
TRACE   2018-11-07 10:50:29,776 [http-nio-8080-exec-9] org.hibernate.type.descriptor.sql.BasicExtractor  - extracted value ([id1_4_] : [INTEGER]) - [1]
TRACE   2018-11-07 10:50:29,776 [http-nio-8080-exec-9] org.hibernate.type.descriptor.sql.BasicExtractor  - extracted value ([descript2_4_] : [VARCHAR]) - [Add Pluto to the Solar Sustem region]
TRACE   2018-11-07 10:50:29,776 [http-nio-8080-exec-9] org.hibernate.type.descriptor.sql.BasicExtractor  - extracted value ([name3_4_] : [VARCHAR]) - [I love Pluto]
TRACE   2018-11-07 10:50:29,776 [http-nio-8080-exec-9] org.hibernate.type.descriptor.sql.BasicExtractor  - extracted value ([price4_4_] : [NUMERIC]) - [9.00]
TRACE   2018-11-07 10:50:29,777 [http-nio-8080-exec-9] org.hibernate.type.descriptor.sql.BasicExtractor  - extracted value ([subscrib5_4_] : [NUMERIC]) - [9.00]
TRACE   2018-11-07 10:50:29,777 [http-nio-8080-exec-9] org.hibernate.type.descriptor.sql.BasicExtractor  - extracted value ([id1_4_] : [INTEGER]) - [2]
TRACE   2018-11-07 10:50:29,777 [http-nio-8080-exec-9] org.hibernate.type.descriptor.sql.BasicExtractor  - extracted value ([descript2_4_] : [VARCHAR]) - [Provide compability with long-distance services]
TRACE   2018-11-07 10:50:29,777 [http-nio-8080-exec-9] org.hibernate.type.descriptor.sql.BasicExtractor  - extracted value ([name3_4_] : [VARCHAR]) - [Deep space]
TRACE   2018-11-07 10:50:29,777 [http-nio-8080-exec-9] org.hibernate.type.descriptor.sql.BasicExtractor  - extracted value ([price4_4_] : [NUMERIC]) - [0.00]
TRACE   2018-11-07 10:50:29,777 [http-nio-8080-exec-9] org.hibernate.type.descriptor.sql.BasicExtractor  - extracted value ([subscrib5_4_] : [NUMERIC]) - [0.00]
TRACE   2018-11-07 10:50:29,777 [http-nio-8080-exec-9] org.hibernate.type.descriptor.sql.BasicExtractor  - extracted value ([id1_4_] : [INTEGER]) - [3]
TRACE   2018-11-07 10:50:29,777 [http-nio-8080-exec-9] org.hibernate.type.descriptor.sql.BasicExtractor  - extracted value ([descript2_4_] : [VARCHAR]) - [Get notification about black holes approaching]
TRACE   2018-11-07 10:50:29,777 [http-nio-8080-exec-9] org.hibernate.type.descriptor.sql.BasicExtractor  - extracted value ([name3_4_] : [VARCHAR]) - [Black Hole Alert]
TRACE   2018-11-07 10:50:29,777 [http-nio-8080-exec-9] org.hibernate.type.descriptor.sql.BasicExtractor  - extracted value ([price4_4_] : [NUMERIC]) - [15.50]
TRACE   2018-11-07 10:50:29,777 [http-nio-8080-exec-9] org.hibernate.type.descriptor.sql.BasicExtractor  - extracted value ([subscrib5_4_] : [NUMERIC]) - [300.00]
TRACE   2018-11-07 10:50:29,777 [http-nio-8080-exec-9] org.hibernate.type.descriptor.sql.BasicExtractor  - extracted value ([id1_4_] : [INTEGER]) - [4]
TRACE   2018-11-07 10:50:29,777 [http-nio-8080-exec-9] org.hibernate.type.descriptor.sql.BasicExtractor  - extracted value ([descript2_4_] : [VARCHAR]) - [Prevent recieving calls and messages from future]
TRACE   2018-11-07 10:50:29,777 [http-nio-8080-exec-9] org.hibernate.type.descriptor.sql.BasicExtractor  - extracted value ([name3_4_] : [VARCHAR]) - [Spolier ban]
TRACE   2018-11-07 10:50:29,777 [http-nio-8080-exec-9] org.hibernate.type.descriptor.sql.BasicExtractor  - extracted value ([price4_4_] : [NUMERIC]) - [0.00]
TRACE   2018-11-07 10:50:29,777 [http-nio-8080-exec-9] org.hibernate.type.descriptor.sql.BasicExtractor  - extracted value ([subscrib5_4_] : [NUMERIC]) - [28.95]
TRACE   2018-11-07 10:50:29,777 [http-nio-8080-exec-9] org.hibernate.type.descriptor.sql.BasicExtractor  - extracted value ([id1_4_] : [INTEGER]) - [5]
TRACE   2018-11-07 10:50:29,777 [http-nio-8080-exec-9] org.hibernate.type.descriptor.sql.BasicExtractor  - extracted value ([descript2_4_] : [VARCHAR]) - [Enable communication through time]
TRACE   2018-11-07 10:50:29,777 [http-nio-8080-exec-9] org.hibernate.type.descriptor.sql.BasicExtractor  - extracted value ([name3_4_] : [VARCHAR]) - [Tachyon protocol]
TRACE   2018-11-07 10:50:29,778 [http-nio-8080-exec-9] org.hibernate.type.descriptor.sql.BasicExtractor  - extracted value ([price4_4_] : [NUMERIC]) - [1200.00]
TRACE   2018-11-07 10:50:29,778 [http-nio-8080-exec-9] org.hibernate.type.descriptor.sql.BasicExtractor  - extracted value ([subscrib5_4_] : [NUMERIC]) - [0.00]
TRACE   2018-11-07 10:50:29,778 [http-nio-8080-exec-9] org.hibernate.type.descriptor.sql.BasicExtractor  - extracted value ([id1_4_] : [INTEGER]) - [6]
TRACE   2018-11-07 10:50:29,778 [http-nio-8080-exec-9] org.hibernate.type.descriptor.sql.BasicExtractor  - extracted value ([descript2_4_] : [VARCHAR]) - [Enable send and receive hologram messages]
TRACE   2018-11-07 10:50:29,778 [http-nio-8080-exec-9] org.hibernate.type.descriptor.sql.BasicExtractor  - extracted value ([name3_4_] : [VARCHAR]) - [Hologram]
TRACE   2018-11-07 10:50:29,778 [http-nio-8080-exec-9] org.hibernate.type.descriptor.sql.BasicExtractor  - extracted value ([price4_4_] : [NUMERIC]) - [3.33]
TRACE   2018-11-07 10:50:29,778 [http-nio-8080-exec-9] org.hibernate.type.descriptor.sql.BasicExtractor  - extracted value ([subscrib5_4_] : [NUMERIC]) - [0.00]
TRACE   2018-11-07 10:50:29,778 [http-nio-8080-exec-9] org.hibernate.type.descriptor.sql.BasicExtractor  - extracted value ([id1_4_] : [INTEGER]) - [16]
TRACE   2018-11-07 10:50:29,778 [http-nio-8080-exec-9] org.hibernate.type.descriptor.sql.BasicExtractor  - extracted value ([descript2_4_] : [VARCHAR]) - [Don't worry about time paradox issues while communicating with past and future!]
TRACE   2018-11-07 10:50:29,778 [http-nio-8080-exec-9] org.hibernate.type.descriptor.sql.BasicExtractor  - extracted value ([name3_4_] : [VARCHAR]) - [Time paradox protection]
TRACE   2018-11-07 10:50:29,778 [http-nio-8080-exec-9] org.hibernate.type.descriptor.sql.BasicExtractor  - extracted value ([price4_4_] : [NUMERIC]) - [42.42]
TRACE   2018-11-07 10:50:29,779 [http-nio-8080-exec-9] org.hibernate.type.descriptor.sql.BasicExtractor  - extracted value ([subscrib5_4_] : [NUMERIC]) - [24.24]
